Mplus VERSION 8.6 (Mac)
MUTHEN & MUTHEN
11/27/2023   9:11 AM

INPUT INSTRUCTIONS

  TITLE:
  Class-5_Time1
  DATA:
  FILE = "/Users/agarber/github/Intro-to-LTA/enum_LCA_time1/t1.dat";

  VARIABLE:
  NAMES = AB39M AB39T AB39U AB39W AB39X GA33A GA33H GA33I GA33K GA33L ENGINEER MATHG7
       MATHG8 MATHG10 MATHG11 MATHG12 FEMALE KA9B KA9C KA9D KA9G KA9K CPROB11 CPROB12
       CPROB13 CPROB14 CMOD1 CASENUM COHORT SOCISS2 OPKNOW2 SIOK2 CPROB21 CPROB22
       CPROB23 CPROB24 CMOD2;
   MISSING=.;
   !!! NOTE CHANGE: List of the five 7th grade science attitude indicators !!!
  categorical = ab39m-ab39x;
       usevar = ab39m-ab39x;

  classes = c(5);
  ANALYSIS:
  estimator = mlr;
        type = mixture;
        !!! NOTE CHANGE: The intial and final start values. Reduce to speed up estimation ti
        starts = 500 100;
        processors = 10;
  OUTPUT:
  sampstat residual tech11 tech14;
  PLOT:
  type = plot3;
        series = ab39m-ab39x(*);



*** WARNING
  Input line exceeded 90 characters. Some input may be truncated.
        !!! NOTE CHANGE: The intial and final start values. Reduce to speed up estimation tim
*** WARNING in OUTPUT command
  SAMPSTAT option is not available when all outcomes are censored, ordered
  categorical, unordered categorical (nominal), count or continuous-time
  survival variables.  Request for SAMPSTAT is ignored.
*** WARNING
  Data set contains cases with missing on all variables.
  These cases were not included in the analysis.
  Number of cases with missing on all variables:  31
   3 WARNING(S) FOUND IN THE INPUT INSTRUCTIONS




Class-5_Time1

SUMMARY OF ANALYSIS

Number of groups                                                 1
Number of observations                                        3061

Number of dependent variables                                    5
Number of independent variables                                  0
Number of continuous latent variables                            0
Number of categorical latent variables                           1

Observed dependent variables

  Binary and ordered categorical (ordinal)
   AB39M       AB39T       AB39U       AB39W       AB39X

Categorical latent variables
   C


Estimator                                                      MLR
Information matrix                                        OBSERVED
Optimization Specifications for the Quasi-Newton Algorithm for
Continuous Outcomes
  Maximum number of iterations                                 100
  Convergence criterion                                  0.100D-05
Optimization Specifications for the EM Algorithm
  Maximum number of iterations                                 500
  Convergence criteria
    Loglikelihood change                                 0.100D-06
    Relative loglikelihood change                        0.100D-06
    Derivative                                           0.100D-05
Optimization Specifications for the M step of the EM Algorithm for
Categorical Latent variables
  Number of M step iterations                                    1
  M step convergence criterion                           0.100D-05
  Basis for M step termination                           ITERATION
Optimization Specifications for the M step of the EM Algorithm for
Censored, Binary or Ordered Categorical (Ordinal), Unordered
Categorical (Nominal) and Count Outcomes
  Number of M step iterations                                    1
  M step convergence criterion                           0.100D-05
  Basis for M step termination                           ITERATION
  Maximum value for logit thresholds                            15
  Minimum value for logit thresholds                           -15
  Minimum expected cell size for chi-square              0.100D-01
Maximum number of iterations for H1                           2000
Convergence criterion for H1                             0.100D-03
Optimization algorithm                                         EMA
Random Starts Specifications
  Number of initial stage random starts                        500
  Number of final stage optimizations                          100
  Number of initial stage iterations                            10
  Initial stage convergence criterion                    0.100D+01
  Random starts scale                                    0.500D+01
  Random seed for generating random starts                       0
Link                                                         LOGIT

Input data file(s)
  /Users/agarber/github/Intro-to-LTA/enum_LCA_time1/t1.dat
Input data format  FREE


SUMMARY OF DATA

     Number of missing data patterns            21
     Number of y missing data patterns           0
     Number of u missing data patterns          21


COVARIANCE COVERAGE OF DATA

Minimum covariance coverage value   0.100


     PROPORTION OF DATA PRESENT FOR U


           Covariance Coverage
              AB39M         AB39T         AB39U         AB39W         AB39X
              ________      ________      ________      ________      ________
 AB39M          0.994
 AB39T          0.972         0.976
 AB39U          0.972         0.960         0.977
 AB39W          0.979         0.965         0.966         0.984
 AB39X          0.989         0.973         0.975         0.982         0.994


UNIVARIATE PROPORTIONS AND COUNTS FOR CATEGORICAL VARIABLES

    AB39M
      Category 1    0.387         1177.000
      Category 2    0.613         1865.000
    AB39T
      Category 1    0.596         1782.000
      Category 2    0.404         1206.000
    AB39U
      Category 1    0.508         1519.000
      Category 2    0.492         1473.000
    AB39W
      Category 1    0.596         1796.000
      Category 2    0.404         1216.000
    AB39X
      Category 1    0.539         1639.000
      Category 2    0.461         1404.000


RANDOM STARTS RESULTS RANKED FROM THE BEST TO THE WORST LOGLIKELIHOOD VALUES

Final stage loglikelihood values at local maxima, seeds, and initial stage start numbers:

           -8662.386  802682           419
           -8662.386  100874           108
           -8662.397  569131           26
           -8662.435  123985           248
           -8662.435  972430           491
           -8662.435  432148           30
           -8662.435  626891           32
           -8662.435  950604           172
           -8662.435  937588           293
           -8662.435  438144           271
           -8662.435  21132            351
           -8662.435  686482           215
           -8662.435  526324           178
           -8662.435  736574           414
           -8662.435  616917           261
           -8662.435  263221           447
           -8662.435  691234           250
           -8662.463  358488           264
           -8662.463  903420           5
           -8662.463  374219           353
           -8662.463  417035           149
           -8662.477  436460           89
           -8662.477  188498           258
           -8662.529  701525           239
           -8662.530  65651            214
           -8662.530  967902           52
           -8662.544  278692           342
           -8662.544  722748           346
           -8662.544  784664           75
           -8662.545  136842           58
           -8662.545  856536           144
           -8662.927  534864           307
           -8662.927  85114            385
           -8662.935  576220           115
           -8662.943  783165           170
           -8663.066  216565           474

64 perturbed starting value run(s) did not converge or were rejected in the third stage.



THE BEST LOGLIKELIHOOD VALUE HAS BEEN REPLICATED.  RERUN WITH AT LEAST TWICE THE
RANDOM STARTS TO CHECK THAT THE BEST LOGLIKELIHOOD IS STILL OBTAINED AND REPLICATED.

     IN THE OPTIMIZATION, ONE OR MORE LOGIT THRESHOLDS APPROACHED EXTREME VALUES
     OF -15.000 AND 15.000 AND WERE FIXED TO STABILIZE MODEL ESTIMATION.  THESE
     VALUES IMPLY PROBABILITIES OF 0 AND 1.  IN THE MODEL RESULTS SECTION, THESE
     PARAMETERS HAVE 0 STANDARD ERRORS AND 999 IN THE Z-SCORE AND P-VALUE COLUMNS.




THE MODEL ESTIMATION TERMINATED NORMALLY



MODEL FIT INFORMATION

Number of Free Parameters                       29

Loglikelihood

          H0 Value                       -8662.386
          H0 Scaling Correction Factor      0.9749
            for MLR

Information Criteria

          Akaike (AIC)                   17382.771
          Bayesian (BIC)                 17557.539
          Sample-Size Adjusted BIC       17465.395
            (n* = (n + 2) / 24)

Chi-Square Test of Model Fit for the Binary and Ordered Categorical
(Ordinal) Outcomes

          Pearson Chi-Square

          Value                              1.005
          Degrees of Freedom                     2
          P-Value                           0.6049

          Likelihood Ratio Chi-Square

          Value                              1.689
          Degrees of Freedom                     2
          P-Value                           0.4298

Chi-Square Test for MCAR under the Unrestricted Latent Class Indicator Model

          Pearson Chi-Square

          Value                            161.488
          Degrees of Freedom                   148
          P-Value                           0.2119

          Likelihood Ratio Chi-Square

          Value                            128.456
          Degrees of Freedom                   148
          P-Value                           0.8751



FINAL CLASS COUNTS AND PROPORTIONS FOR THE LATENT CLASSES
BASED ON THE ESTIMATED MODEL

    Latent
   Classes

       1        878.11335          0.28687
       2        894.93400          0.29237
       3        375.21042          0.12258
       4        324.37452          0.10597
       5        588.36771          0.19221


FINAL CLASS COUNTS AND PROPORTIONS FOR THE LATENT CLASSES
BASED ON ESTIMATED POSTERIOR PROBABILITIES

    Latent
   Classes

       1        878.11335          0.28687
       2        894.93400          0.29237
       3        375.21042          0.12258
       4        324.37452          0.10597
       5        588.36771          0.19221


FINAL CLASS COUNTS AND PROPORTIONS FOR THE LATENT CLASSES
BASED ON THEIR MOST LIKELY LATENT CLASS MEMBERSHIP

Class Counts and Proportions

    Latent
   Classes

       1              895          0.29239
       2              983          0.32114
       3              391          0.12774
       4              347          0.11336
       5              445          0.14538


CLASSIFICATION QUALITY

     Entropy                         0.741


Average Latent Class Probabilities for Most Likely Latent Class Membership (Row)
by Latent Class (Column)

           1        2        3        4        5

    1   0.929    0.001    0.020    0.006    0.044
    2   0.000    0.853    0.096    0.001    0.050
    3   0.057    0.135    0.575    0.137    0.097
    4   0.021    0.004    0.102    0.763    0.110
    5   0.038    0.002    0.007    0.000    0.952


Classification Probabilities for the Most Likely Latent Class Membership (Column)
by Latent Class (Row)

           1        2        3        4        5

    1   0.946    0.000    0.025    0.008    0.019
    2   0.001    0.937    0.059    0.001    0.001
    3   0.049    0.250    0.599    0.094    0.008
    4   0.017    0.002    0.165    0.817    0.000
    5   0.067    0.084    0.064    0.065    0.720


Logits for the Classification Probabilities for the Most Likely Latent Class Membership (Column)
by Latent Class (Row)

              1        2        3        4        5

    1      3.884   -3.921    0.264   -0.844    0.000
    2     -0.141    6.688    3.922    0.236    0.000
    3      1.803    3.445    4.317    2.466    0.000
    4      9.728    7.450   12.013   13.613    0.000
    5     -2.376   -2.153   -2.418   -2.409    0.000


MODEL RESULTS

                                                    Two-Tailed
                    Estimate       S.E.  Est./S.E.    P-Value

Latent Class 1

 Thresholds
    AB39M$1           -1.930      0.123    -15.733      0.000
    AB39T$1           -4.707     11.669     -0.403      0.687
    AB39U$1           -2.358      0.303     -7.772      0.000
    AB39W$1           -1.810      0.167    -10.861      0.000
    AB39X$1           -2.610      0.225    -11.603      0.000

Latent Class 2

 Thresholds
    AB39M$1            0.753      0.189      3.978      0.000
    AB39T$1            3.800      1.423      2.671      0.008
    AB39U$1           15.000      0.000    999.000    999.000
    AB39W$1            2.659      0.379      7.018      0.000
    AB39X$1            3.835      1.584      2.421      0.015

Latent Class 3

 Thresholds
    AB39M$1           -0.583      0.412     -1.416      0.157
    AB39T$1            0.440      0.660      0.666      0.505
    AB39U$1            5.855     20.279      0.289      0.773
    AB39W$1            0.785      0.741      1.059      0.290
    AB39X$1            0.030      1.941      0.015      0.988

Latent Class 4

 Thresholds
    AB39M$1           -0.920      0.386     -2.387      0.017
    AB39T$1           15.000      0.000    999.000    999.000
    AB39U$1           -0.484      0.813     -0.596      0.551
    AB39W$1           -0.276      0.574     -0.482      0.630
    AB39X$1          -15.000      0.000    999.000    999.000

Latent Class 5

 Thresholds
    AB39M$1           -0.387      0.104     -3.735      0.000
    AB39T$1            0.668      0.122      5.471      0.000
    AB39U$1           -1.790      6.645     -0.269      0.788
    AB39W$1            1.345      0.159      8.436      0.000
    AB39X$1            2.063      0.940      2.195      0.028

Categorical Latent Variables

 Means
    C#1                0.400      1.026      0.390      0.696
    C#2                0.419      1.124      0.373      0.709
    C#3               -0.450      2.067     -0.218      0.828
    C#4               -0.595      1.104     -0.539      0.590


QUALITY OF NUMERICAL RESULTS

     Condition Number for the Information Matrix              0.194E-08
       (ratio of smallest to largest eigenvalue)


RESULTS IN PROBABILITY SCALE

                                                    Two-Tailed
                    Estimate       S.E.  Est./S.E.    P-Value

Latent Class 1

 AB39M
    Category 1         0.127      0.014      9.337      0.000
    Category 2         0.873      0.014     64.307      0.000
 AB39T
    Category 1         0.009      0.104      0.086      0.931
    Category 2         0.991      0.104      9.571      0.000
 AB39U
    Category 1         0.086      0.024      3.609      0.000
    Category 2         0.914      0.024     38.128      0.000
 AB39W
    Category 1         0.141      0.020      6.984      0.000
    Category 2         0.859      0.020     42.661      0.000
 AB39X
    Category 1         0.069      0.014      4.773      0.000
    Category 2         0.931      0.014     64.889      0.000

Latent Class 2

 AB39M
    Category 1         0.680      0.041     16.499      0.000
    Category 2         0.320      0.041      7.768      0.000
 AB39T
    Category 1         0.978      0.030     32.129      0.000
    Category 2         0.022      0.030      0.719      0.472
 AB39U
    Category 1         1.000      0.000      0.000      1.000
    Category 2         0.000      0.000      0.000      1.000
 AB39W
    Category 1         0.935      0.023     40.330      0.000
    Category 2         0.065      0.023      2.825      0.005
 AB39X
    Category 1         0.979      0.033     29.856      0.000
    Category 2         0.021      0.033      0.645      0.519

Latent Class 3

 AB39M
    Category 1         0.358      0.095      3.785      0.000
    Category 2         0.642      0.095      6.780      0.000
 AB39T
    Category 1         0.608      0.157      3.867      0.000
    Category 2         0.392      0.157      2.491      0.013
 AB39U
    Category 1         0.997      0.058     17.260      0.000
    Category 2         0.003      0.058      0.049      0.961
 AB39W
    Category 1         0.687      0.160      4.305      0.000
    Category 2         0.313      0.160      1.964      0.050
 AB39X
    Category 1         0.507      0.485      1.046      0.296
    Category 2         0.493      0.485      1.015      0.310

Latent Class 4

 AB39M
    Category 1         0.285      0.079      3.628      0.000
    Category 2         0.715      0.079      9.104      0.000
 AB39T
    Category 1         1.000      0.000      0.000      1.000
    Category 2         0.000      0.000      0.000      1.000
 AB39U
    Category 1         0.381      0.192      1.988      0.047
    Category 2         0.619      0.192      3.226      0.001
 AB39W
    Category 1         0.431      0.141      3.064      0.002
    Category 2         0.569      0.141      4.040      0.000
 AB39X
    Category 1         0.000      0.000      0.000      1.000
    Category 2         1.000      0.000      0.000      1.000

Latent Class 5

 AB39M
    Category 1         0.404      0.025     16.193      0.000
    Category 2         0.596      0.025     23.851      0.000
 AB39T
    Category 1         0.661      0.027     24.166      0.000
    Category 2         0.339      0.027     12.391      0.000
 AB39U
    Category 1         0.143      0.815      0.176      0.861
    Category 2         0.857      0.815      1.052      0.293
 AB39W
    Category 1         0.793      0.026     30.344      0.000
    Category 2         0.207      0.026      7.909      0.000
 AB39X
    Category 1         0.887      0.094      9.436      0.000
    Category 2         0.113      0.094      1.199      0.230


LATENT CLASS INDICATOR ODDS RATIOS FOR THE LATENT CLASSES

                                                95% C.I.
                    Estimate       S.E.  Lower 2.5% Upper 2.5%

Latent Class 1 Compared to Latent Class 2

 AB39M
    Category > 1      14.628      3.464      9.197     23.269
 AB39T
    Category > 1    4948.840  59533.000      0.000  *********
 AB39U
    Category > 1   *********      0.000  *********  *********
 AB39W
    Category > 1      87.208     37.612     37.448    203.086
 AB39X
    Category > 1     629.272   1002.608     27.708  14291.155

Latent Class 1 Compared to Latent Class 3

 AB39M
    Category > 1       3.845      1.665      1.646      8.983
 AB39T
    Category > 1     171.814   2072.263      0.000  *********
 AB39U
    Category > 1    3687.432  75001.055      0.000  *********
 AB39W
    Category > 1      13.391     10.200      3.009     59.596
 AB39X
    Category > 1      14.002     27.413      0.302    649.683

Latent Class 1 Compared to Latent Class 4

 AB39M
    Category > 1       2.744      1.058      1.289      5.841
 AB39T
    Category > 1   *********      0.000  *********  *********
 AB39U
    Category > 1       6.510      5.154      1.380     30.721
 AB39W
    Category > 1       4.633      2.460      1.636     13.118
 AB39X
    Category > 1       0.000      0.000      0.000      0.000

Latent Class 1 Compared to Latent Class 5

 AB39M
    Category > 1       4.676      0.757      3.405      6.421
 AB39T
    Category > 1     215.862   2519.930      0.000  *********
 AB39U
    Category > 1       1.764     12.041      0.000  *********
 AB39W
    Category > 1      23.433      5.191     15.180     36.173
 AB39X
    Category > 1     106.950    102.928     16.217    705.316

Latent Class 2 Compared to Latent Class 3

 AB39M
    Category > 1       0.263      0.123      0.105      0.656
 AB39T
    Category > 1       0.035      0.049      0.002      0.547
 AB39U
    Category > 1       0.000      0.000      0.000      0.000
 AB39W
    Category > 1       0.154      0.135      0.027      0.860
 AB39X
    Category > 1       0.022      0.044      0.000      1.081

Latent Class 2 Compared to Latent Class 4

 AB39M
    Category > 1       0.188      0.093      0.071      0.498
 AB39T
    Category > 1   73113.969      0.000  73113.969  73113.969
 AB39U
    Category > 1       0.000      0.000      0.000      0.000
 AB39W
    Category > 1       0.053      0.044      0.011      0.269
 AB39X
    Category > 1       0.000      0.000      0.000      0.000

Latent Class 2 Compared to Latent Class 5

 AB39M
    Category > 1       0.320      0.066      0.213      0.479
 AB39T
    Category > 1       0.044      0.062      0.003      0.720
 AB39U
    Category > 1       0.000      0.000      0.000      0.000
 AB39W
    Category > 1       0.269      0.120      0.112      0.645
 AB39X
    Category > 1       0.170      0.313      0.005      6.297

Latent Class 3 Compared to Latent Class 4

 AB39M
    Category > 1       0.714      0.435      0.216      2.357
 AB39T
    Category > 1   *********      0.000  *********  *********
 AB39U
    Category > 1       0.002      0.037      0.000  *********
 AB39W
    Category > 1       0.346      0.329      0.054      2.226
 AB39X
    Category > 1       0.000      0.000      0.000      0.000

Latent Class 3 Compared to Latent Class 5

 AB39M
    Category > 1       1.216      0.535      0.513      2.882
 AB39T
    Category > 1       1.256      0.843      0.337      4.679
 AB39U
    Category > 1       0.000      0.009      0.000  *********
 AB39W
    Category > 1       1.750      1.281      0.417      7.344
 AB39X
    Category > 1       7.638     16.157      0.121    482.564

Latent Class 4 Compared to Latent Class 5

 AB39M
    Category > 1       1.704      0.673      0.785      3.697
 AB39T
    Category > 1       0.000      0.000      0.000      0.000
 AB39U
    Category > 1       0.271      1.915      0.000  *********
 AB39W
    Category > 1       5.058      2.736      1.752     14.603
 AB39X
    Category > 1   *********      0.000  *********  *********


RESIDUAL OUTPUT


     UNIVARIATE DISTRIBUTION FIT FOR CLASS 1

     Variable          Observed      Estimated      Residual (Obs.-Est.)    Stand. Residual
     AB39M
       Category 1        0.127          0.127                  0.000                0.000
       Category 2        0.873          0.873                  0.000                0.000
     AB39T
       Category 1        0.009          0.009                  0.000                0.000
       Category 2        0.991          0.991                  0.000                0.000
     AB39U
       Category 1        0.086          0.086                  0.000                0.000
       Category 2        0.914          0.914                  0.000                0.000
     AB39W
       Category 1        0.141          0.141                  0.000                0.000
       Category 2        0.859          0.859                  0.000                0.000
     AB39X
       Category 1        0.069          0.069                  0.000                0.000
       Category 2        0.931          0.931                  0.000                0.000


     BIVARIATE DISTRIBUTIONS FIT FOR CLASS 1

     Variable       Variable          Observed     Estimated    Residual (Obs.-Est.)  Stand. Residual
     AB39M          AB39T
       Category 1     Category 1        0.001       0.001             0.000           -0.003
       Category 1     Category 2        0.127       0.126             0.001            0.094
       Category 2     Category 1        0.008       0.008             0.000            0.014
       Category 2     Category 2        0.864       0.865            -0.001           -0.094
     AB39M          AB39U
       Category 1     Category 1        0.010       0.011            -0.001           -0.203
       Category 1     Category 2        0.116       0.116             0.000           -0.001
       Category 2     Category 1        0.076       0.076             0.000            0.034
       Category 2     Category 2        0.798       0.798             0.000            0.031
     AB39M          AB39W
       Category 1     Category 1        0.018       0.018             0.000            0.077
       Category 1     Category 2        0.109       0.109             0.000            0.045
       Category 2     Category 1        0.123       0.123             0.000           -0.003
       Category 2     Category 2        0.750       0.750            -0.001           -0.053
     AB39M          AB39X
       Category 1     Category 1        0.010       0.009             0.001            0.432
       Category 1     Category 2        0.117       0.118            -0.001           -0.135
       Category 2     Category 1        0.059       0.060            -0.001           -0.137
       Category 2     Category 2        0.815       0.813             0.001            0.093
     AB39T          AB39U
       Category 1     Category 1        0.001       0.001             0.000           -0.006
       Category 1     Category 2        0.008       0.008             0.000            0.032
       Category 2     Category 1        0.085       0.086            -0.001           -0.078
       Category 2     Category 2        0.906       0.905             0.001            0.066
     AB39T          AB39W
       Category 1     Category 1        0.001       0.001             0.000           -0.002
       Category 1     Category 2        0.008       0.008             0.000           -0.008
       Category 2     Category 1        0.139       0.139            -0.001           -0.044
       Category 2     Category 2        0.852       0.852             0.001            0.045
     AB39T          AB39X
       Category 1     Category 1        0.001       0.001             0.000           -0.042
       Category 1     Category 2        0.008       0.008             0.000            0.021
       Category 2     Category 1        0.067       0.068            -0.001           -0.144
       Category 2     Category 2        0.924       0.923             0.001            0.132
     AB39U          AB39W
       Category 1     Category 1        0.012       0.012             0.000            0.059
       Category 1     Category 2        0.073       0.074            -0.001           -0.125
       Category 2     Category 1        0.128       0.129             0.000           -0.036
       Category 2     Category 2        0.786       0.785             0.001            0.093
     AB39U          AB39X
       Category 1     Category 1        0.006       0.006             0.000           -0.060
       Category 1     Category 2        0.081       0.081             0.000            0.005
       Category 2     Category 1        0.063       0.063             0.000           -0.001
       Category 2     Category 2        0.851       0.851             0.000            0.010
     AB39W          AB39X
       Category 1     Category 1        0.010       0.010             0.000           -0.028
       Category 1     Category 2        0.131       0.131             0.000           -0.043
       Category 2     Category 1        0.059       0.059             0.000            0.019
       Category 2     Category 2        0.801       0.800             0.000            0.032


     UNIVARIATE DISTRIBUTION FIT FOR CLASS 2

     Variable          Observed      Estimated      Residual (Obs.-Est.)    Stand. Residual
     AB39M
       Category 1        0.680          0.680                  0.000                0.000
       Category 2        0.320          0.320                  0.000                0.000
     AB39T
       Category 1        0.978          0.978                  0.000                0.000
       Category 2        0.022          0.022                  0.000                0.000
     AB39U
       Category 1        1.000          1.000                  0.000               -0.009
       Category 2        0.000          0.000                  0.000                0.009
     AB39W
       Category 1        0.935          0.935                  0.000                0.000
       Category 2        0.065          0.065                  0.000                0.000
     AB39X
       Category 1        0.979          0.979                  0.000                0.000
       Category 2        0.021          0.021                  0.000                0.000


     BIVARIATE DISTRIBUTIONS FIT FOR CLASS 2

     Variable       Variable          Observed     Estimated    Residual (Obs.-Est.)  Stand. Residual
     AB39M          AB39T
       Category 1     Category 1        0.665       0.665             0.000            0.019
       Category 1     Category 2        0.015       0.015             0.000           -0.042
       Category 2     Category 1        0.313       0.313             0.000            0.001
       Category 2     Category 2        0.007       0.007             0.000           -0.054
     AB39M          AB39U
       Category 1     Category 1        0.680       0.680             0.000            0.004
       Category 1     Category 2        0.000       0.000             0.000            0.006
       Category 2     Category 1        0.320       0.320             0.000           -0.004
       Category 2     Category 2        0.000       0.000             0.000            0.003
     AB39M          AB39W
       Category 1     Category 1        0.635       0.635             0.000            0.000
       Category 1     Category 2        0.045       0.045             0.000            0.066
       Category 2     Category 1        0.299       0.299             0.000           -0.031
       Category 2     Category 2        0.021       0.021             0.000            0.004
     AB39M          AB39X
       Category 1     Category 1        0.666       0.666             0.001            0.037
       Category 1     Category 2        0.014       0.014             0.000            0.019
       Category 2     Category 1        0.313       0.313            -0.001           -0.042
       Category 2     Category 2        0.007       0.007             0.000           -0.006
     AB39T          AB39U
       Category 1     Category 1        0.979       0.978             0.001            0.118
       Category 1     Category 2        0.000       0.000             0.000            0.009
       Category 2     Category 1        0.021       0.022            -0.001           -0.118
       Category 2     Category 2        0.000       0.000             0.000            0.000
     AB39T          AB39W
       Category 1     Category 1        0.915       0.914             0.001            0.065
       Category 1     Category 2        0.063       0.064            -0.001           -0.088
       Category 2     Category 1        0.020       0.020             0.000            0.005
       Category 2     Category 2        0.002       0.001             0.000            0.068
     AB39T          AB39X
       Category 1     Category 1        0.958       0.957             0.000            0.024
       Category 1     Category 2        0.021       0.021             0.000           -0.026
       Category 2     Category 1        0.021       0.021             0.000           -0.004
       Category 2     Category 2        0.000       0.000             0.000           -0.023
     AB39U          AB39W
       Category 1     Category 1        0.934       0.935             0.000           -0.028
       Category 1     Category 2        0.066       0.065             0.000            0.028
       Category 2     Category 1        0.000       0.000             0.000            0.008
       Category 2     Category 2        0.000       0.000             0.000            0.001
     AB39U          AB39X
       Category 1     Category 1        0.979       0.979             0.000           -0.022
       Category 1     Category 2        0.021       0.021             0.000            0.022
       Category 2     Category 1        0.000       0.000             0.000            0.009
       Category 2     Category 2        0.000       0.000             0.000            0.000
     AB39W          AB39X
       Category 1     Category 1        0.915       0.915             0.000            0.027
       Category 1     Category 2        0.019       0.020             0.000           -0.071
       Category 2     Category 1        0.064       0.064             0.000            0.006
       Category 2     Category 2        0.001       0.001             0.000            0.019


     UNIVARIATE DISTRIBUTION FIT FOR CLASS 3

     Variable          Observed      Estimated      Residual (Obs.-Est.)    Stand. Residual
     AB39M
       Category 1        0.358          0.358                  0.000                0.000
       Category 2        0.642          0.642                  0.000                0.000
     AB39T
       Category 1        0.608          0.608                  0.000                0.000
       Category 2        0.392          0.392                  0.000                0.000
     AB39U
       Category 1        0.997          0.997                  0.000                0.000
       Category 2        0.003          0.003                  0.000                0.000
     AB39W
       Category 1        0.687          0.687                  0.000                0.000
       Category 2        0.313          0.313                  0.000                0.000
     AB39X
       Category 1        0.507          0.507                  0.000                0.000
       Category 2        0.493          0.493                  0.000                0.000


     BIVARIATE DISTRIBUTIONS FIT FOR CLASS 3

     Variable       Variable          Observed     Estimated    Residual (Obs.-Est.)  Stand. Residual
     AB39M          AB39T
       Category 1     Category 1        0.221       0.218             0.003            0.160
       Category 1     Category 2        0.139       0.140            -0.002           -0.101
       Category 2     Category 1        0.389       0.390            -0.002           -0.067
       Category 2     Category 2        0.252       0.251             0.000            0.003
     AB39M          AB39U
       Category 1     Category 1        0.357       0.357             0.000           -0.007
       Category 1     Category 2        0.001       0.001             0.000            0.004
       Category 2     Category 1        0.640       0.640             0.000            0.007
       Category 2     Category 2        0.002       0.002             0.000            0.001
     AB39M          AB39W
       Category 1     Category 1        0.242       0.246            -0.004           -0.187
       Category 1     Category 2        0.115       0.112             0.003            0.199
       Category 2     Category 1        0.444       0.441             0.003            0.112
       Category 2     Category 2        0.199       0.201            -0.002           -0.094
     AB39M          AB39X
       Category 1     Category 1        0.184       0.182             0.002            0.121
       Category 1     Category 2        0.175       0.176            -0.002           -0.081
       Category 2     Category 1        0.322       0.326            -0.004           -0.147
       Category 2     Category 2        0.319       0.316             0.003            0.114
     AB39T          AB39U
       Category 1     Category 1        0.610       0.606             0.003            0.132
       Category 1     Category 2        0.002       0.002             0.000            0.003
       Category 2     Category 1        0.387       0.391            -0.003           -0.132
       Category 2     Category 2        0.001       0.001             0.000           -0.002
     AB39T          AB39W
       Category 1     Category 1        0.419       0.418             0.001            0.048
       Category 1     Category 2        0.189       0.191            -0.001           -0.061
       Category 2     Category 1        0.271       0.269             0.002            0.066
       Category 2     Category 2        0.121       0.123            -0.002           -0.089
     AB39T          AB39X
       Category 1     Category 1        0.309       0.309             0.000            0.011
       Category 1     Category 2        0.300       0.300             0.000            0.003
       Category 2     Category 1        0.199       0.199             0.000            0.012
       Category 2     Category 2        0.192       0.193            -0.001           -0.029
     AB39U          AB39W
       Category 1     Category 1        0.683       0.685            -0.002           -0.085
       Category 1     Category 2        0.314       0.312             0.002            0.086
       Category 2     Category 1        0.002       0.002             0.000           -0.005
       Category 2     Category 2        0.001       0.001             0.000            0.000
     AB39U          AB39X
       Category 1     Category 1        0.504       0.506            -0.002           -0.062
       Category 1     Category 2        0.493       0.491             0.002            0.062
       Category 2     Category 1        0.001       0.001             0.000           -0.001
       Category 2     Category 2        0.001       0.001             0.000            0.004
     AB39W          AB39X
       Category 1     Category 1        0.349       0.348             0.001            0.036
       Category 1     Category 2        0.337       0.338            -0.001           -0.042
       Category 2     Category 1        0.160       0.159             0.001            0.066
       Category 2     Category 2        0.153       0.154            -0.001           -0.059


     UNIVARIATE DISTRIBUTION FIT FOR CLASS 4

     Variable          Observed      Estimated      Residual (Obs.-Est.)    Stand. Residual
     AB39M
       Category 1        0.285          0.285                  0.000                0.000
       Category 2        0.715          0.715                  0.000                0.000
     AB39T
       Category 1        1.000          1.000                  0.000               -0.006
       Category 2        0.000          0.000                  0.000                0.006
     AB39U
       Category 1        0.381          0.381                  0.000                0.000
       Category 2        0.619          0.619                  0.000                0.000
     AB39W
       Category 1        0.431          0.431                  0.000                0.000
       Category 2        0.569          0.569                  0.000                0.000
     AB39X
       Category 1        0.000          0.000                  0.000                0.005
       Category 2        1.000          1.000                  0.000               -0.005


     BIVARIATE DISTRIBUTIONS FIT FOR CLASS 4

     Variable       Variable          Observed     Estimated    Residual (Obs.-Est.)  Stand. Residual
     AB39M          AB39T
       Category 1     Category 1        0.287       0.285             0.002            0.076
       Category 1     Category 2        0.000       0.000             0.000            0.002
       Category 2     Category 1        0.713       0.715            -0.002           -0.076
       Category 2     Category 2        0.000       0.000             0.000            0.004
     AB39M          AB39U
       Category 1     Category 1        0.113       0.109             0.004            0.244
       Category 1     Category 2        0.174       0.176            -0.002           -0.110
       Category 2     Category 1        0.269       0.273            -0.004           -0.167
       Category 2     Category 2        0.445       0.442             0.002            0.082
     AB39M          AB39W
       Category 1     Category 1        0.122       0.123            -0.001           -0.058
       Category 1     Category 2        0.163       0.162             0.001            0.049
       Category 2     Category 1        0.309       0.308             0.001            0.024
       Category 2     Category 2        0.406       0.407            -0.001           -0.021
     AB39M          AB39X
       Category 1     Category 1        0.000       0.000             0.000            0.002
       Category 1     Category 2        0.285       0.285             0.000            0.016
       Category 2     Category 1        0.000       0.000             0.000            0.004
       Category 2     Category 2        0.715       0.715             0.000           -0.016
     AB39T          AB39U
       Category 1     Category 1        0.380       0.381            -0.002           -0.065
       Category 1     Category 2        0.620       0.619             0.002            0.065
       Category 2     Category 1        0.000       0.000             0.000            0.002
       Category 2     Category 2        0.000       0.000             0.000            0.003
     AB39T          AB39W
       Category 1     Category 1        0.431       0.431            -0.001           -0.025
       Category 1     Category 2        0.569       0.569             0.001            0.025
       Category 2     Category 1        0.000       0.000             0.000            0.002
       Category 2     Category 2        0.000       0.000             0.000            0.003
     AB39T          AB39X
       Category 1     Category 1        0.000       0.000             0.000            0.005
       Category 1     Category 2        1.000       1.000             0.000           -0.011
       Category 2     Category 1        0.000       0.000             0.000            0.000
       Category 2     Category 2        0.000       0.000             0.000            0.005
     AB39U          AB39W
       Category 1     Category 1        0.163       0.164            -0.001           -0.056
       Category 1     Category 2        0.219       0.217             0.002            0.078
       Category 2     Category 1        0.265       0.267            -0.001           -0.059
       Category 2     Category 2        0.353       0.352             0.001            0.031
     AB39U          AB39X
       Category 1     Category 1        0.000       0.000             0.000            0.002
       Category 1     Category 2        0.380       0.381            -0.001           -0.040
       Category 2     Category 1        0.000       0.000             0.000            0.003
       Category 2     Category 2        0.620       0.619             0.001            0.040
     AB39W          AB39X
       Category 1     Category 1        0.000       0.000             0.000            0.002
       Category 1     Category 2        0.431       0.431             0.000            0.001
       Category 2     Category 1        0.000       0.000             0.000            0.003
       Category 2     Category 2        0.569       0.569             0.000           -0.001


     UNIVARIATE DISTRIBUTION FIT FOR CLASS 5

     Variable          Observed      Estimated      Residual (Obs.-Est.)    Stand. Residual
     AB39M
       Category 1        0.404          0.404                  0.000                0.000
       Category 2        0.596          0.596                  0.000                0.000
     AB39T
       Category 1        0.661          0.661                  0.000                0.000
       Category 2        0.339          0.339                  0.000                0.000
     AB39U
       Category 1        0.143          0.143                  0.000                0.000
       Category 2        0.857          0.857                  0.000                0.000
     AB39W
       Category 1        0.793          0.793                  0.000                0.000
       Category 2        0.207          0.207                  0.000                0.000
     AB39X
       Category 1        0.887          0.887                  0.000                0.000
       Category 2        0.113          0.113                  0.000                0.000


     BIVARIATE DISTRIBUTIONS FIT FOR CLASS 5

     Variable       Variable          Observed     Estimated    Residual (Obs.-Est.)  Stand. Residual
     AB39M          AB39T
       Category 1     Category 1        0.265       0.267            -0.002           -0.110
       Category 1     Category 2        0.138       0.137             0.001            0.060
       Category 2     Category 1        0.396       0.394             0.002            0.099
       Category 2     Category 2        0.201       0.202            -0.001           -0.052
     AB39M          AB39U
       Category 1     Category 1        0.058       0.058             0.000           -0.003
       Category 1     Category 2        0.346       0.347             0.000           -0.019
       Category 2     Category 1        0.085       0.085            -0.001           -0.052
       Category 2     Category 2        0.511       0.510             0.001            0.049
     AB39M          AB39W
       Category 1     Category 1        0.316       0.321            -0.005           -0.272
       Category 1     Category 2        0.089       0.084             0.005            0.481
       Category 2     Category 1        0.477       0.472             0.005            0.224
       Category 2     Category 2        0.118       0.123            -0.005           -0.359
     AB39M          AB39X
       Category 1     Category 1        0.359       0.359             0.000            0.024
       Category 1     Category 2        0.045       0.046             0.000           -0.020
       Category 2     Category 1        0.528       0.528            -0.001           -0.030
       Category 2     Category 2        0.067       0.067             0.000            0.030
     AB39T          AB39U
       Category 1     Category 1        0.095       0.095             0.001            0.073
       Category 1     Category 2        0.570       0.566             0.003            0.166
       Category 2     Category 1        0.048       0.049             0.000           -0.049
       Category 2     Category 2        0.287       0.290            -0.004           -0.205
     AB39T          AB39W
       Category 1     Category 1        0.530       0.524             0.005            0.259
       Category 1     Category 2        0.132       0.137            -0.005           -0.356
       Category 2     Category 1        0.266       0.269            -0.003           -0.171
       Category 2     Category 2        0.073       0.070             0.003            0.268
     AB39T          AB39X
       Category 1     Category 1        0.587       0.586             0.001            0.047
       Category 1     Category 2        0.075       0.075             0.000            0.033
       Category 2     Category 1        0.299       0.301            -0.001           -0.074
       Category 2     Category 2        0.038       0.038             0.000            0.013
     AB39U          AB39W
       Category 1     Category 1        0.114       0.114             0.001            0.044
       Category 1     Category 2        0.030       0.030             0.001            0.089
       Category 2     Category 1        0.677       0.680            -0.002           -0.117
       Category 2     Category 2        0.178       0.177             0.001            0.067
     AB39U          AB39X
       Category 1     Category 1        0.127       0.127             0.000           -0.026
       Category 1     Category 2        0.016       0.016             0.000            0.009
       Category 2     Category 1        0.760       0.760             0.000           -0.016
       Category 2     Category 2        0.097       0.097             0.001            0.048
     AB39W          AB39X
       Category 1     Category 1        0.703       0.704            -0.001           -0.037
       Category 1     Category 2        0.090       0.089             0.001            0.044
       Category 2     Category 1        0.184       0.183             0.000            0.009
       Category 2     Category 2        0.023       0.023             0.000            0.007


TECHNICAL 11 OUTPUT

     Random Starts Specifications for the k-1 Class Analysis Model
        Number of initial stage random starts                 500
        Number of final stage optimizations                   100



     VUONG-LO-MENDELL-RUBIN LIKELIHOOD RATIO TEST FOR 4 (H0) VERSUS 5 CLASSES

          H0 Loglikelihood Value                        -8664.090
          2 Times the Loglikelihood Difference              3.409
          Difference in the Number of Parameters                6
          Mean                                              5.502
          Standard Deviation                                4.353
          P-Value                                          0.6570

     LO-MENDELL-RUBIN ADJUSTED LRT TEST

          Value                                             3.340
          P-Value                                          0.6648


TECHNICAL 14 OUTPUT

     Random Starts Specifications for the k-1 Class Analysis Model
        Number of initial stage random starts                 500
        Number of final stage optimizations                   100

     Random Starts Specification for the k-1 Class Model for Generated Data
        Number of initial stage random starts                   0
        Number of final stage optimizations for the
           initial stage random starts                          0
     Random Starts Specification for the k Class Model for Generated Data
        Number of initial stage random starts                  40
        Number of final stage optimizations                     8
     Number of bootstrap draws requested                   Varies


     PARAMETRIC BOOTSTRAPPED LIKELIHOOD RATIO TEST FOR 4 (H0) VERSUS 5 CLASSES

          H0 Loglikelihood Value                        -8664.090
          2 Times the Loglikelihood Difference              3.409
          Difference in the Number of Parameters                6
          Approximate P-Value                              1.0000
          Successful Bootstrap Draws                            2


PLOT INFORMATION

The following plots are available:

  Histograms (sample values)
  Scatterplots (sample values)
  Sample proportions and estimated probabilities

     Beginning Time:  09:11:51
        Ending Time:  09:11:52
       Elapsed Time:  00:00:01



MUTHEN & MUTHEN
3463 Stoner Ave.
Los Angeles, CA  90066

Tel: (310) 391-9971
Fax: (310) 391-8971
Web: www.StatModel.com
Support: Support@StatModel.com

Copyright (c) 1998-2021 Muthen & Muthen
