Mplus VERSION 8.6 (Mac)
MUTHEN & MUTHEN
11/27/2023   9:11 AM

INPUT INSTRUCTIONS

  TITLE:
  Class-6_Time1
  DATA:
  FILE = "/Users/agarber/github/Intro-to-LTA/enum_LCA_time1/t1.dat";

  VARIABLE:
  NAMES = AB39M AB39T AB39U AB39W AB39X GA33A GA33H GA33I GA33K GA33L ENGINEER MATHG7
       MATHG8 MATHG10 MATHG11 MATHG12 FEMALE KA9B KA9C KA9D KA9G KA9K CPROB11 CPROB12
       CPROB13 CPROB14 CMOD1 CASENUM COHORT SOCISS2 OPKNOW2 SIOK2 CPROB21 CPROB22
       CPROB23 CPROB24 CMOD2;
   MISSING=.;
   !!! NOTE CHANGE: List of the five 7th grade science attitude indicators !!!
  categorical = ab39m-ab39x;
       usevar = ab39m-ab39x;

  classes = c(6);
  ANALYSIS:
  estimator = mlr;
        type = mixture;
        !!! NOTE CHANGE: The intial and final start values. Reduce to speed up estimation ti
        starts = 500 100;
        processors = 10;
  OUTPUT:
  sampstat residual tech11 tech14;
  PLOT:
  type = plot3;
        series = ab39m-ab39x(*);



*** WARNING
  Input line exceeded 90 characters. Some input may be truncated.
        !!! NOTE CHANGE: The intial and final start values. Reduce to speed up estimation tim
*** WARNING in OUTPUT command
  SAMPSTAT option is not available when all outcomes are censored, ordered
  categorical, unordered categorical (nominal), count or continuous-time
  survival variables.  Request for SAMPSTAT is ignored.
*** WARNING
  Data set contains cases with missing on all variables.
  These cases were not included in the analysis.
  Number of cases with missing on all variables:  31
   3 WARNING(S) FOUND IN THE INPUT INSTRUCTIONS




Class-6_Time1

SUMMARY OF ANALYSIS

Number of groups                                                 1
Number of observations                                        3061

Number of dependent variables                                    5
Number of independent variables                                  0
Number of continuous latent variables                            0
Number of categorical latent variables                           1

Observed dependent variables

  Binary and ordered categorical (ordinal)
   AB39M       AB39T       AB39U       AB39W       AB39X

Categorical latent variables
   C


Estimator                                                      MLR
Information matrix                                        OBSERVED
Optimization Specifications for the Quasi-Newton Algorithm for
Continuous Outcomes
  Maximum number of iterations                                 100
  Convergence criterion                                  0.100D-05
Optimization Specifications for the EM Algorithm
  Maximum number of iterations                                 500
  Convergence criteria
    Loglikelihood change                                 0.100D-06
    Relative loglikelihood change                        0.100D-06
    Derivative                                           0.100D-05
Optimization Specifications for the M step of the EM Algorithm for
Categorical Latent variables
  Number of M step iterations                                    1
  M step convergence criterion                           0.100D-05
  Basis for M step termination                           ITERATION
Optimization Specifications for the M step of the EM Algorithm for
Censored, Binary or Ordered Categorical (Ordinal), Unordered
Categorical (Nominal) and Count Outcomes
  Number of M step iterations                                    1
  M step convergence criterion                           0.100D-05
  Basis for M step termination                           ITERATION
  Maximum value for logit thresholds                            15
  Minimum value for logit thresholds                           -15
  Minimum expected cell size for chi-square              0.100D-01
Maximum number of iterations for H1                           2000
Convergence criterion for H1                             0.100D-03
Optimization algorithm                                         EMA
Random Starts Specifications
  Number of initial stage random starts                        500
  Number of final stage optimizations                          100
  Number of initial stage iterations                            10
  Initial stage convergence criterion                    0.100D+01
  Random starts scale                                    0.500D+01
  Random seed for generating random starts                       0
Link                                                         LOGIT

Input data file(s)
  /Users/agarber/github/Intro-to-LTA/enum_LCA_time1/t1.dat
Input data format  FREE


SUMMARY OF DATA

     Number of missing data patterns            21
     Number of y missing data patterns           0
     Number of u missing data patterns          21


COVARIANCE COVERAGE OF DATA

Minimum covariance coverage value   0.100


     PROPORTION OF DATA PRESENT FOR U


           Covariance Coverage
              AB39M         AB39T         AB39U         AB39W         AB39X
              ________      ________      ________      ________      ________
 AB39M          0.994
 AB39T          0.972         0.976
 AB39U          0.972         0.960         0.977
 AB39W          0.979         0.965         0.966         0.984
 AB39X          0.989         0.973         0.975         0.982         0.994


UNIVARIATE PROPORTIONS AND COUNTS FOR CATEGORICAL VARIABLES

    AB39M
      Category 1    0.387         1177.000
      Category 2    0.613         1865.000
    AB39T
      Category 1    0.596         1782.000
      Category 2    0.404         1206.000
    AB39U
      Category 1    0.508         1519.000
      Category 2    0.492         1473.000
    AB39W
      Category 1    0.596         1796.000
      Category 2    0.404         1216.000
    AB39X
      Category 1    0.539         1639.000
      Category 2    0.461         1404.000


RANDOM STARTS RESULTS RANKED FROM THE BEST TO THE WORST LOGLIKELIHOOD VALUES

Final stage loglikelihood values at local maxima, seeds, and initial stage start numbers:

           -8661.541  701525           239
           -8661.541  471438           252
           -8661.541  691234           250
           -8661.541  259507           53
           -8661.541  533738           11
           -8661.541  508482           446
           -8661.541  782200           84
           -8661.541  645664           39
           -8661.543  335485           496
           -8661.544  224950           455
           -8661.549  59674            240
           -8661.549  471040           403
           -8661.549  483369           270
           -8661.550  923437           398
           -8661.551  418686           338
           -8661.574  281462           285
           -8661.586  370466           41
           -8661.680  283492           435
           -8661.685  407168           44
           -8661.692  188498           258
           -8661.701  636396           168
           -8661.715  100874           108
           -8661.777  440841           118
           -8661.834  34346            330
           -8662.003  784664           75

75 perturbed starting value run(s) did not converge or were rejected in the third stage.



THE BEST LOGLIKELIHOOD VALUE HAS BEEN REPLICATED.  RERUN WITH AT LEAST TWICE THE
RANDOM STARTS TO CHECK THAT THE BEST LOGLIKELIHOOD IS STILL OBTAINED AND REPLICATED.

     THE STANDARD ERRORS OF THE MODEL PARAMETER ESTIMATES MAY NOT BE
     TRUSTWORTHY FOR SOME PARAMETERS DUE TO A NON-POSITIVE DEFINITE
     FIRST-ORDER DERIVATIVE PRODUCT MATRIX.  THIS MAY BE DUE TO THE STARTING
     VALUES BUT MAY ALSO BE AN INDICATION OF MODEL NONIDENTIFICATION.  THE
     CONDITION NUMBER IS       0.114D-16.  PROBLEM INVOLVING THE FOLLOWING PARAMETER:
     Parameter 34, [ C#4 ]

     ONE OR MORE MULTINOMIAL LOGIT PARAMETERS WERE FIXED TO AVOID SINGULARITY
     OF THE INFORMATION MATRIX.  THE SINGULARITY IS MOST LIKELY BECAUSE THE
     MODEL IS NOT IDENTIFIED, OR BECAUSE OF EMPTY CELLS IN THE JOINT
     DISTRIBUTION OF THE CATEGORICAL LATENT VARIABLES AND ANY INDEPENDENT
     VARIABLES.  THE FOLLOWING PARAMETERS WERE FIXED:
     Parameter 32, [ C#2 ]
     Parameter 33, [ C#3 ]
     Parameter 35, [ C#5 ]


THE MODEL ESTIMATION TERMINATED NORMALLY

     THE DEGREES OF FREEDOM FOR THIS MODEL ARE NEGATIVE.  THE MODEL IS NOT
     IDENTIFIED OR TOO MANY CELLS WERE DELETED.  A CHI-SQUARE TEST IS NOT
     AVAILABLE.



MODEL FIT INFORMATION

Number of Free Parameters                       35

Loglikelihood

          H0 Value                       -8661.541
          H0 Scaling Correction Factor      0.8891
            for MLR

Information Criteria

          Akaike (AIC)                   17393.082
          Bayesian (BIC)                 17604.009
          Sample-Size Adjusted BIC       17492.800
            (n* = (n + 2) / 24)



FINAL CLASS COUNTS AND PROPORTIONS FOR THE LATENT CLASSES
BASED ON THE ESTIMATED MODEL

    Latent
   Classes

       1        902.25813          0.29476
       2        325.71330          0.10641
       3        290.16071          0.09479
       4        329.58237          0.10767
       5        295.94655          0.09668
       6        917.33894          0.29969


FINAL CLASS COUNTS AND PROPORTIONS FOR THE LATENT CLASSES
BASED ON ESTIMATED POSTERIOR PROBABILITIES

    Latent
   Classes

       1        902.25813          0.29476
       2        325.71330          0.10641
       3        290.16071          0.09479
       4        329.58237          0.10767
       5        295.94655          0.09668
       6        917.33894          0.29969


FINAL CLASS COUNTS AND PROPORTIONS FOR THE LATENT CLASSES
BASED ON THEIR MOST LIKELY LATENT CLASS MEMBERSHIP

Class Counts and Proportions

    Latent
   Classes

       1              912          0.29794
       2              380          0.12414
       3              274          0.08951
       4              258          0.08429
       5              210          0.06861
       6             1027          0.33551


CLASSIFICATION QUALITY

     Entropy                         0.640


Average Latent Class Probabilities for Most Likely Latent Class Membership (Row)
by Latent Class (Column)

           1        2        3        4        5        6

    1   0.910    0.027    0.006    0.024    0.032    0.001
    2   0.026    0.495    0.105    0.281    0.020    0.072
    3   0.137    0.064    0.642    0.005    0.144    0.008
    4   0.056    0.130    0.050    0.537    0.153    0.074
    5   0.046    0.105    0.190    0.005    0.567    0.087
    6   0.001    0.039    0.016    0.059    0.060    0.827


Classification Probabilities for the Most Likely Latent Class Membership (Column)
by Latent Class (Row)

           1        2        3        4        5        6

    1   0.920    0.011    0.041    0.016    0.011    0.001
    2   0.075    0.578    0.054    0.103    0.068    0.121
    3   0.018    0.138    0.607    0.044    0.137    0.056
    4   0.066    0.324    0.004    0.420    0.003    0.182
    5   0.099    0.026    0.133    0.133    0.403    0.207
    6   0.001    0.030    0.002    0.021    0.020    0.926


Logits for the Classification Probabilities for the Most Likely Latent Class Membership (Column)
by Latent Class (Row)

              1        2        3        4        5        6

    1      7.242    2.813    4.142    3.197    2.788    0.000
    2     -0.476    1.560   -0.807   -0.164   -0.581    0.000
    3     -1.118    0.910    2.390   -0.225    0.904    0.000
    4     -1.015    0.575   -3.762    0.835   -4.071    0.000
    5     -0.742   -2.076   -0.443   -0.442    0.666    0.000
    6     -6.700   -3.434   -5.950   -3.795   -3.843    0.000


MODEL RESULTS

                                                    Two-Tailed
                    Estimate       S.E.  Est./S.E.    P-Value

Latent Class 1

 Thresholds
    AB39M$1           -1.934      0.161    -11.982      0.000
    AB39T$1           -2.932      1.389     -2.111      0.035
    AB39U$1           -2.339      0.367     -6.366      0.000
    AB39W$1           -1.928      0.411     -4.692      0.000
    AB39X$1           -2.673      0.893     -2.994      0.003

Latent Class 2

 Thresholds
    AB39M$1           -0.870      1.592     -0.547      0.585
    AB39T$1            0.878      1.293      0.679      0.497
    AB39U$1           -1.215      1.911     -0.636      0.525
    AB39W$1            4.793     78.964      0.061      0.952
    AB39X$1            0.838      5.142      0.163      0.871

Latent Class 3

 Thresholds
    AB39M$1           -0.697      0.419     -1.666      0.096
    AB39T$1            5.759    294.980      0.020      0.984
    AB39U$1           -0.251      1.005     -0.249      0.803
    AB39W$1           -0.544      3.768     -0.144      0.885
    AB39X$1           -1.947      4.400     -0.443      0.658

Latent Class 4

 Thresholds
    AB39M$1           -0.142      2.041     -0.070      0.944
    AB39T$1            0.129      1.685      0.076      0.939
    AB39U$1           -0.686      1.240     -0.553      0.580
    AB39W$1            0.627      0.753      0.834      0.404
    AB39X$1            4.229     79.637      0.053      0.958

Latent Class 5

 Thresholds
    AB39M$1           -0.697      0.446     -1.564      0.118
    AB39T$1            0.492      2.058      0.239      0.811
    AB39U$1            2.616      9.664      0.271      0.787
    AB39W$1            0.810      1.663      0.487      0.626
    AB39X$1           -0.593      1.936     -0.306      0.759

Latent Class 6

 Thresholds
    AB39M$1            0.767      0.124      6.206      0.000
    AB39T$1            3.992      1.623      2.460      0.014
    AB39U$1            3.335      3.635      0.917      0.359
    AB39W$1            2.714      0.310      8.741      0.000
    AB39X$1            3.763      1.435      2.623      0.009

Categorical Latent Variables

 Means
    C#1               -0.017      0.183     -0.091      0.928
    C#2               -1.035      0.000    999.000    999.000
    C#3               -1.151      0.000    999.000    999.000
    C#4               -1.024      1.739     -0.588      0.556
    C#5               -1.131      0.000    999.000    999.000


QUALITY OF NUMERICAL RESULTS

     Condition Number for the Information Matrix              0.472E-08
       (ratio of smallest to largest eigenvalue)


RESULTS IN PROBABILITY SCALE

                                                    Two-Tailed
                    Estimate       S.E.  Est./S.E.    P-Value

Latent Class 1

 AB39M
    Category 1         0.126      0.018      7.091      0.000
    Category 2         0.874      0.018     49.053      0.000
 AB39T
    Category 1         0.051      0.067      0.758      0.448
    Category 2         0.949      0.067     14.231      0.000
 AB39U
    Category 1         0.088      0.029      2.984      0.003
    Category 2         0.912      0.029     30.949      0.000
 AB39W
    Category 1         0.127      0.046      2.787      0.005
    Category 2         0.873      0.046     19.166      0.000
 AB39X
    Category 1         0.065      0.054      1.198      0.231
    Category 2         0.935      0.054     17.343      0.000

Latent Class 2

 AB39M
    Category 1         0.295      0.331      0.892      0.373
    Category 2         0.705      0.331      2.128      0.033
 AB39T
    Category 1         0.706      0.268      2.634      0.008
    Category 2         0.294      0.268      1.095      0.274
 AB39U
    Category 1         0.229      0.337      0.678      0.497
    Category 2         0.771      0.337      2.286      0.022
 AB39W
    Category 1         0.992      0.644      1.541      0.123
    Category 2         0.008      0.644      0.013      0.990
 AB39X
    Category 1         0.698      1.084      0.644      0.520
    Category 2         0.302      1.084      0.279      0.781

Latent Class 3

 AB39M
    Category 1         0.332      0.093      3.579      0.000
    Category 2         0.668      0.093      7.187      0.000
 AB39T
    Category 1         0.997      0.924      1.079      0.281
    Category 2         0.003      0.924      0.003      0.997
 AB39U
    Category 1         0.438      0.247      1.770      0.077
    Category 2         0.562      0.247      2.274      0.023
 AB39W
    Category 1         0.367      0.876      0.419      0.675
    Category 2         0.633      0.876      0.723      0.470
 AB39X
    Category 1         0.125      0.481      0.260      0.795
    Category 2         0.875      0.481      1.820      0.069

Latent Class 4

 AB39M
    Category 1         0.464      0.508      0.915      0.360
    Category 2         0.536      0.508      1.055      0.291
 AB39T
    Category 1         0.532      0.419      1.269      0.204
    Category 2         0.468      0.419      1.115      0.265
 AB39U
    Category 1         0.335      0.276      1.213      0.225
    Category 2         0.665      0.276      2.408      0.016
 AB39W
    Category 1         0.652      0.171      3.817      0.000
    Category 2         0.348      0.171      2.038      0.042
 AB39X
    Category 1         0.986      1.127      0.875      0.382
    Category 2         0.014      1.127      0.013      0.990

Latent Class 5

 AB39M
    Category 1         0.333      0.099      3.362      0.001
    Category 2         0.667      0.099      6.749      0.000
 AB39T
    Category 1         0.620      0.485      1.280      0.200
    Category 2         0.380      0.485      0.783      0.434
 AB39U
    Category 1         0.932      0.614      1.519      0.129
    Category 2         0.068      0.614      0.111      0.912
 AB39W
    Category 1         0.692      0.354      1.952      0.051
    Category 2         0.308      0.354      0.869      0.385
 AB39X
    Category 1         0.356      0.444      0.802      0.423
    Category 2         0.644      0.444      1.451      0.147

Latent Class 6

 AB39M
    Category 1         0.683      0.027     25.507      0.000
    Category 2         0.317      0.027     11.841      0.000
 AB39T
    Category 1         0.982      0.029     34.005      0.000
    Category 2         0.018      0.029      0.628      0.530
 AB39U
    Category 1         0.966      0.121      7.998      0.000
    Category 2         0.034      0.121      0.285      0.776
 AB39W
    Category 1         0.938      0.018     51.819      0.000
    Category 2         0.062      0.018      3.434      0.001
 AB39X
    Category 1         0.977      0.032     30.723      0.000
    Category 2         0.023      0.032      0.713      0.476


LATENT CLASS INDICATOR ODDS RATIOS FOR THE LATENT CLASSES

                                                95% C.I.
                    Estimate       S.E.  Lower 2.5% Upper 2.5%

Latent Class 1 Compared to Latent Class 2

 AB39M
    Category > 1       2.898      4.579      0.131     64.155
 AB39T
    Category > 1      45.155     91.547      0.849   2401.349
 AB39U
    Category > 1       3.077      6.351      0.054    175.734
 AB39W
    Category > 1     829.632  65776.070      0.000  *********
 AB39X
    Category > 1      33.470    146.601      0.006  *********

Latent Class 1 Compared to Latent Class 3

 AB39M
    Category > 1       3.445      1.572      1.408      8.426
 AB39T
    Category > 1    5951.449  *********      0.000  *********
 AB39U
    Category > 1       8.072      7.754      1.228     53.041
 AB39W
    Category > 1       3.991     13.775      0.005   3459.311
 AB39X
    Category > 1       2.066      7.713      0.001   3110.719

Latent Class 1 Compared to Latent Class 4

 AB39M
    Category > 1       6.000     12.323      0.107    336.092
 AB39T
    Category > 1      21.346     51.417      0.190   2397.135
 AB39U
    Category > 1       5.224      6.822      0.404     67.554
 AB39W
    Category > 1      12.878      9.645      2.967     55.896
 AB39X
    Category > 1     994.180  79951.828      0.000  *********

Latent Class 1 Compared to Latent Class 5

 AB39M
    Category > 1       3.446      1.539      1.436      8.269
 AB39T
    Category > 1      30.680     82.831      0.154   6095.252
 AB39U
    Category > 1     141.818   1365.486      0.000  *********
 AB39W
    Category > 1      15.453     30.243      0.334    715.998
 AB39X
    Category > 1       8.000     13.810      0.271    235.760

Latent Class 1 Compared to Latent Class 6

 AB39M
    Category > 1      14.902      3.324      9.624     23.074
 AB39T
    Category > 1    1016.727   2061.767     19.101  54118.094
 AB39U
    Category > 1     291.119   1078.435      0.205  *********
 AB39W
    Category > 1     103.762     52.877     38.217    281.720
 AB39X
    Category > 1     623.880   1175.331     15.541  25044.570

Latent Class 2 Compared to Latent Class 3

 AB39M
    Category > 1       1.189      1.850      0.056     25.124
 AB39T
    Category > 1     131.801  39028.203      0.000  *********
 AB39U
    Category > 1       2.623      4.858      0.070     98.953
 AB39W
    Category > 1       0.005      0.398      0.000  *********
 AB39X
    Category > 1       0.062      0.184      0.000     21.056

Latent Class 2 Compared to Latent Class 4

 AB39M
    Category > 1       2.070      7.455      0.002   2403.850
 AB39T
    Category > 1       0.473      0.609      0.038      5.894
 AB39U
    Category > 1       1.697      3.443      0.032     90.430
 AB39W
    Category > 1       0.016      1.231      0.000  *********
 AB39X
    Category > 1      29.704   2511.858      0.000  *********

Latent Class 2 Compared to Latent Class 5

 AB39M
    Category > 1       1.189      1.676      0.075     18.829
 AB39T
    Category > 1       0.679      0.778      0.072      6.418
 AB39U
    Category > 1      46.084    519.023      0.000  *********
 AB39W
    Category > 1       0.019      1.446      0.000  *********
 AB39X
    Category > 1       0.239      1.084      0.000   1727.800

Latent Class 2 Compared to Latent Class 6

 AB39M
    Category > 1       5.143      8.100      0.235    112.708
 AB39T
    Category > 1      22.516     49.750      0.296   1711.038
 AB39U
    Category > 1      94.599    461.761      0.007  *********
 AB39W
    Category > 1       0.125      9.884      0.000  *********
 AB39X
    Category > 1      18.640    106.488      0.000  *********

Latent Class 3 Compared to Latent Class 4

 AB39M
    Category > 1       1.742      3.823      0.024    128.714
 AB39T
    Category > 1       0.004      1.063      0.000  *********
 AB39U
    Category > 1       0.647      1.064      0.026     16.223
 AB39W
    Category > 1       3.227     11.504      0.003   3496.292
 AB39X
    Category > 1     481.188  40003.004      0.000  *********

Latent Class 3 Compared to Latent Class 5

 AB39M
    Category > 1       1.000      0.635      0.288      3.474
 AB39T
    Category > 1       0.005      1.531      0.000  *********
 AB39U
    Category > 1      17.569    180.019      0.000  *********
 AB39W
    Category > 1       3.872     20.381      0.000  *********
 AB39X
    Category > 1       3.872     16.943      0.001  20536.428

Latent Class 3 Compared to Latent Class 6

 AB39M
    Category > 1       4.326      1.807      1.907      9.810
 AB39T
    Category > 1       0.171     50.303      0.000  *********
 AB39U
    Category > 1      36.065    158.414      0.007  *********
 AB39W
    Category > 1      25.998     97.039      0.017  39102.816
 AB39X
    Category > 1     301.961   1530.087      0.015  *********

Latent Class 4 Compared to Latent Class 5

 AB39M
    Category > 1       0.574      1.336      0.006     54.836
 AB39T
    Category > 1       1.437      1.700      0.141     14.604
 AB39U
    Category > 1      27.149    279.517      0.000  *********
 AB39W
    Category > 1       1.200      2.496      0.020     70.708
 AB39X
    Category > 1       0.008      0.651      0.000  *********

Latent Class 4 Compared to Latent Class 6

 AB39M
    Category > 1       2.484      5.168      0.042    146.674
 AB39T
    Category > 1      47.632    124.777      0.281   8086.779
 AB39U
    Category > 1      55.730    202.013      0.046  67860.789
 AB39W
    Category > 1       8.057      5.819      1.957     33.181
 AB39X
    Category > 1       0.628     49.813      0.000  *********

Latent Class 5 Compared to Latent Class 6

 AB39M
    Category > 1       4.324      1.915      1.815     10.302
 AB39T
    Category > 1      33.140     97.798      0.102  10773.621
 AB39U
    Category > 1       2.053     16.787      0.000  *********
 AB39W
    Category > 1       6.715     11.480      0.235    191.604
 AB39X
    Category > 1      77.983    184.244      0.760   8000.252


RESIDUAL OUTPUT


     UNIVARIATE DISTRIBUTION FIT FOR CLASS 1

     Variable          Observed      Estimated      Residual (Obs.-Est.)    Stand. Residual
     AB39M
       Category 1        0.126          0.126                  0.000                0.000
       Category 2        0.874          0.874                  0.000                0.000
     AB39T
       Category 1        0.051          0.051                  0.000                0.000
       Category 2        0.949          0.949                  0.000                0.000
     AB39U
       Category 1        0.088          0.088                  0.000                0.000
       Category 2        0.912          0.912                  0.000                0.000
     AB39W
       Category 1        0.127          0.127                  0.000                0.000
       Category 2        0.873          0.873                  0.000                0.000
     AB39X
       Category 1        0.065          0.065                  0.000                0.000
       Category 2        0.935          0.935                  0.000                0.000


     BIVARIATE DISTRIBUTIONS FIT FOR CLASS 1

     Variable       Variable          Observed     Estimated    Residual (Obs.-Est.)  Stand. Residual
     AB39M          AB39T
       Category 1     Category 1        0.006       0.006             0.000            0.030
       Category 1     Category 2        0.121       0.120             0.001            0.089
       Category 2     Category 1        0.044       0.044             0.000            0.018
       Category 2     Category 2        0.828       0.830            -0.001           -0.093
     AB39M          AB39U
       Category 1     Category 1        0.011       0.011             0.000           -0.032
       Category 1     Category 2        0.115       0.115            -0.001           -0.053
       Category 2     Category 1        0.077       0.077             0.000           -0.034
       Category 2     Category 2        0.798       0.797             0.001            0.073
     AB39M          AB39W
       Category 1     Category 1        0.016       0.016             0.000            0.034
       Category 1     Category 2        0.111       0.110             0.001            0.069
       Category 2     Category 1        0.111       0.111             0.000            0.012
       Category 2     Category 2        0.762       0.763            -0.001           -0.070
     AB39M          AB39X
       Category 1     Category 1        0.008       0.008             0.000            0.007
       Category 1     Category 2        0.118       0.118             0.000           -0.013
       Category 2     Category 1        0.057       0.056             0.000            0.028
       Category 2     Category 2        0.817       0.817             0.000           -0.007
     AB39T          AB39U
       Category 1     Category 1        0.004       0.004             0.000            0.002
       Category 1     Category 2        0.047       0.046             0.000            0.071
       Category 2     Category 1        0.083       0.084            -0.001           -0.085
       Category 2     Category 2        0.866       0.866             0.000            0.025
     AB39T          AB39W
       Category 1     Category 1        0.006       0.006             0.000           -0.016
       Category 1     Category 2        0.044       0.044             0.000           -0.014
       Category 2     Category 1        0.120       0.121             0.000           -0.040
       Category 2     Category 2        0.829       0.829             0.001            0.046
     AB39T          AB39X
       Category 1     Category 1        0.003       0.003             0.000           -0.028
       Category 1     Category 2        0.048       0.047             0.000            0.030
       Category 2     Category 1        0.060       0.061            -0.001           -0.152
       Category 2     Category 2        0.889       0.888             0.001            0.101
     AB39U          AB39W
       Category 1     Category 1        0.011       0.011             0.000           -0.034
       Category 1     Category 2        0.076       0.077            -0.001           -0.076
       Category 2     Category 1        0.116       0.116             0.000           -0.007
       Category 2     Category 2        0.797       0.796             0.001            0.065
     AB39U          AB39X
       Category 1     Category 1        0.006       0.006             0.000           -0.010
       Category 1     Category 2        0.082       0.082             0.000           -0.012
       Category 2     Category 1        0.059       0.059             0.000           -0.021
       Category 2     Category 2        0.853       0.853             0.000            0.025
     AB39W          AB39X
       Category 1     Category 1        0.008       0.008             0.000           -0.009
       Category 1     Category 2        0.118       0.119             0.000           -0.045
       Category 2     Category 1        0.056       0.056             0.000            0.009
       Category 2     Category 2        0.817       0.817             0.000            0.034


     UNIVARIATE DISTRIBUTION FIT FOR CLASS 2

     Variable          Observed      Estimated      Residual (Obs.-Est.)    Stand. Residual
     AB39M
       Category 1        0.295          0.295                  0.000                0.000
       Category 2        0.705          0.705                  0.000                0.000
     AB39T
       Category 1        0.706          0.706                  0.000                0.000
       Category 2        0.294          0.294                  0.000                0.000
     AB39U
       Category 1        0.229          0.229                  0.000                0.000
       Category 2        0.771          0.771                  0.000                0.000
     AB39W
       Category 1        0.992          0.992                  0.000                0.000
       Category 2        0.008          0.008                  0.000                0.000
     AB39X
       Category 1        0.698          0.698                  0.000                0.000
       Category 2        0.302          0.302                  0.000                0.000


     BIVARIATE DISTRIBUTIONS FIT FOR CLASS 2

     Variable       Variable          Observed     Estimated    Residual (Obs.-Est.)  Stand. Residual
     AB39M          AB39T
       Category 1     Category 1        0.208       0.209            -0.001           -0.033
       Category 1     Category 2        0.086       0.087             0.000           -0.026
       Category 2     Category 1        0.499       0.498             0.001            0.035
       Category 2     Category 2        0.207       0.207             0.000            0.008
     AB39M          AB39U
       Category 1     Category 1        0.067       0.068             0.000           -0.030
       Category 1     Category 2        0.227       0.228             0.000           -0.012
       Category 2     Category 1        0.161       0.161             0.000           -0.023
       Category 2     Category 2        0.545       0.543             0.001            0.041
     AB39M          AB39W
       Category 1     Category 1        0.294       0.293             0.001            0.030
       Category 1     Category 2        0.002       0.002             0.000            0.005
       Category 2     Category 1        0.698       0.699            -0.001           -0.031
       Category 2     Category 2        0.006       0.006             0.000            0.003
     AB39M          AB39X
       Category 1     Category 1        0.206       0.206             0.000            0.002
       Category 1     Category 2        0.089       0.089             0.000            0.017
       Category 2     Category 1        0.491       0.492            -0.001           -0.023
       Category 2     Category 2        0.213       0.213             0.000            0.014
     AB39T          AB39U
       Category 1     Category 1        0.163       0.162             0.001            0.059
       Category 1     Category 2        0.548       0.545             0.003            0.100
       Category 2     Category 1        0.066       0.067            -0.001           -0.056
       Category 2     Category 2        0.223       0.226            -0.003           -0.137
     AB39T          AB39W
       Category 1     Category 1        0.700       0.701             0.000           -0.012
       Category 1     Category 2        0.006       0.006             0.000           -0.019
       Category 2     Category 1        0.292       0.291             0.000            0.016
       Category 2     Category 2        0.002       0.002             0.000           -0.010
     AB39T          AB39X
       Category 1     Category 1        0.494       0.493             0.001            0.049
       Category 1     Category 2        0.213       0.213             0.000           -0.002
       Category 2     Category 1        0.204       0.205            -0.001           -0.032
       Category 2     Category 2        0.088       0.089            -0.001           -0.037
     AB39U          AB39W
       Category 1     Category 1        0.228       0.227             0.001            0.055
       Category 1     Category 2        0.002       0.002             0.000            0.010
       Category 2     Category 1        0.763       0.765            -0.001           -0.057
       Category 2     Category 2        0.006       0.006             0.000            0.008
     AB39U          AB39X
       Category 1     Category 1        0.159       0.160            -0.001           -0.030
       Category 1     Category 2        0.069       0.069             0.000            0.008
       Category 2     Category 1        0.538       0.538            -0.001           -0.020
       Category 2     Category 2        0.234       0.233             0.001            0.045
     AB39W          AB39X
       Category 1     Category 1        0.692       0.692            -0.001           -0.028
       Category 1     Category 2        0.300       0.300             0.001            0.028
       Category 2     Category 1        0.006       0.006             0.000            0.000
       Category 2     Category 2        0.002       0.002             0.000            0.003


     UNIVARIATE DISTRIBUTION FIT FOR CLASS 3

     Variable          Observed      Estimated      Residual (Obs.-Est.)    Stand. Residual
     AB39M
       Category 1        0.332          0.332                  0.000                0.000
       Category 2        0.668          0.668                  0.000                0.000
     AB39T
       Category 1        0.997          0.997                  0.000                0.000
       Category 2        0.003          0.003                  0.000                0.000
     AB39U
       Category 1        0.438          0.438                  0.000                0.000
       Category 2        0.562          0.562                  0.000                0.000
     AB39W
       Category 1        0.367          0.367                  0.000                0.000
       Category 2        0.633          0.633                  0.000                0.000
     AB39X
       Category 1        0.125          0.125                  0.000                0.000
       Category 2        0.875          0.875                  0.000                0.000


     BIVARIATE DISTRIBUTIONS FIT FOR CLASS 3

     Variable       Variable          Observed     Estimated    Residual (Obs.-Est.)  Stand. Residual
     AB39M          AB39T
       Category 1     Category 1        0.334       0.331             0.002            0.077
       Category 1     Category 2        0.001       0.001             0.000            0.001
       Category 2     Category 1        0.663       0.665            -0.002           -0.076
       Category 2     Category 2        0.002       0.002             0.000           -0.006
     AB39M          AB39U
       Category 1     Category 1        0.146       0.146             0.001            0.042
       Category 1     Category 2        0.188       0.187             0.001            0.044
       Category 2     Category 1        0.291       0.292            -0.001           -0.028
       Category 2     Category 2        0.374       0.375            -0.001           -0.040
     AB39M          AB39W
       Category 1     Category 1        0.122       0.122             0.000           -0.016
       Category 1     Category 2        0.210       0.210             0.000           -0.001
       Category 2     Category 1        0.245       0.245             0.000           -0.010
       Category 2     Category 2        0.423       0.422             0.001            0.020
     AB39M          AB39X
       Category 1     Category 1        0.042       0.042             0.000            0.005
       Category 1     Category 2        0.291       0.291             0.000            0.018
       Category 2     Category 1        0.083       0.083             0.000           -0.006
       Category 2     Category 2        0.584       0.584             0.000           -0.015
     AB39T          AB39U
       Category 1     Category 1        0.435       0.436            -0.002           -0.060
       Category 1     Category 2        0.562       0.561             0.002            0.061
       Category 2     Category 1        0.001       0.001             0.000           -0.010
       Category 2     Category 2        0.002       0.002             0.000           -0.006
     AB39T          AB39W
       Category 1     Category 1        0.366       0.366             0.000            0.005
       Category 1     Category 2        0.631       0.631             0.000           -0.005
       Category 2     Category 1        0.001       0.001             0.000           -0.001
       Category 2     Category 2        0.002       0.002             0.000           -0.001
     AB39T          AB39X
       Category 1     Category 1        0.123       0.124            -0.001           -0.059
       Category 1     Category 2        0.874       0.872             0.001            0.058
       Category 2     Category 1        0.000       0.000             0.000           -0.004
       Category 2     Category 2        0.003       0.003             0.000           -0.002
     AB39U          AB39W
       Category 1     Category 1        0.160       0.161            -0.001           -0.038
       Category 1     Category 2        0.278       0.277             0.001            0.045
       Category 2     Category 1        0.205       0.207            -0.001           -0.057
       Category 2     Category 2        0.357       0.356             0.001            0.035
     AB39U          AB39X
       Category 1     Category 1        0.054       0.055             0.000           -0.037
       Category 1     Category 2        0.382       0.383            -0.001           -0.021
       Category 2     Category 1        0.070       0.070             0.000           -0.021
       Category 2     Category 2        0.493       0.492             0.001            0.048
     AB39W          AB39X
       Category 1     Category 1        0.046       0.046             0.000           -0.007
       Category 1     Category 2        0.321       0.321             0.000            0.004
       Category 2     Category 1        0.079       0.079             0.000           -0.010
       Category 2     Category 2        0.554       0.554             0.000            0.005


     UNIVARIATE DISTRIBUTION FIT FOR CLASS 4

     Variable          Observed      Estimated      Residual (Obs.-Est.)    Stand. Residual
     AB39M
       Category 1        0.464          0.464                  0.000                0.000
       Category 2        0.536          0.536                  0.000                0.000
     AB39T
       Category 1        0.532          0.532                  0.000                0.000
       Category 2        0.468          0.468                  0.000                0.000
     AB39U
       Category 1        0.335          0.335                  0.000                0.000
       Category 2        0.665          0.665                  0.000                0.000
     AB39W
       Category 1        0.652          0.652                  0.000                0.000
       Category 2        0.348          0.348                  0.000                0.000
     AB39X
       Category 1        0.986          0.986                  0.000                0.000
       Category 2        0.014          0.014                  0.000                0.000


     BIVARIATE DISTRIBUTIONS FIT FOR CLASS 4

     Variable       Variable          Observed     Estimated    Residual (Obs.-Est.)  Stand. Residual
     AB39M          AB39T
       Category 1     Category 1        0.248       0.247             0.001            0.022
       Category 1     Category 2        0.217       0.217             0.000           -0.003
       Category 2     Category 1        0.285       0.285             0.000            0.003
       Category 2     Category 2        0.250       0.251            -0.001           -0.022
     AB39M          AB39U
       Category 1     Category 1        0.155       0.156            -0.001           -0.033
       Category 1     Category 2        0.309       0.309             0.001            0.020
       Category 2     Category 1        0.179       0.179            -0.001           -0.031
       Category 2     Category 2        0.357       0.356             0.001            0.030
     AB39M          AB39W
       Category 1     Category 1        0.302       0.303            -0.001           -0.046
       Category 1     Category 2        0.162       0.162             0.000            0.021
       Category 2     Category 1        0.349       0.349             0.000           -0.012
       Category 2     Category 2        0.187       0.186             0.001            0.049
     AB39M          AB39X
       Category 1     Category 1        0.458       0.458             0.000            0.015
       Category 1     Category 2        0.007       0.007             0.000            0.003
       Category 2     Category 1        0.527       0.528             0.000           -0.016
       Category 2     Category 2        0.008       0.008             0.000            0.001
     AB39T          AB39U
       Category 1     Category 1        0.180       0.178             0.002            0.093
       Category 1     Category 2        0.356       0.354             0.002            0.085
       Category 2     Category 1        0.156       0.157            -0.001           -0.046
       Category 2     Category 2        0.308       0.311            -0.003           -0.129
     AB39T          AB39W
       Category 1     Category 1        0.349       0.347             0.002            0.076
       Category 1     Category 2        0.184       0.185            -0.002           -0.077
       Category 2     Category 1        0.306       0.305             0.001            0.052
       Category 2     Category 2        0.161       0.163            -0.002           -0.082
     AB39T          AB39X
       Category 1     Category 1        0.526       0.525             0.001            0.038
       Category 1     Category 2        0.008       0.008             0.000            0.013
       Category 2     Category 1        0.460       0.461            -0.001           -0.041
       Category 2     Category 2        0.007       0.007             0.000            0.005
     AB39U          AB39W
       Category 1     Category 1        0.219       0.218             0.001            0.032
       Category 1     Category 2        0.119       0.117             0.002            0.120
       Category 2     Category 1        0.429       0.434            -0.004           -0.151
       Category 2     Category 2        0.233       0.231             0.001            0.054
     AB39U          AB39X
       Category 1     Category 1        0.330       0.330             0.000           -0.017
       Category 1     Category 2        0.005       0.005             0.000            0.007
       Category 2     Category 1        0.656       0.655             0.000            0.013
       Category 2     Category 2        0.010       0.010             0.000            0.013
     AB39W          AB39X
       Category 1     Category 1        0.642       0.643             0.000           -0.012
       Category 1     Category 2        0.009       0.009             0.000            0.005
       Category 2     Category 1        0.343       0.343             0.000            0.010
       Category 2     Category 2        0.005       0.005             0.000            0.005


     UNIVARIATE DISTRIBUTION FIT FOR CLASS 5

     Variable          Observed      Estimated      Residual (Obs.-Est.)    Stand. Residual
     AB39M
       Category 1        0.333          0.333                  0.000                0.000
       Category 2        0.667          0.667                  0.000                0.000
     AB39T
       Category 1        0.620          0.620                  0.000                0.000
       Category 2        0.380          0.380                  0.000                0.000
     AB39U
       Category 1        0.932          0.932                  0.000                0.000
       Category 2        0.068          0.068                  0.000                0.000
     AB39W
       Category 1        0.692          0.692                  0.000                0.000
       Category 2        0.308          0.308                  0.000                0.000
     AB39X
       Category 1        0.356          0.356                  0.000                0.000
       Category 2        0.644          0.644                  0.000                0.000


     BIVARIATE DISTRIBUTIONS FIT FOR CLASS 5

     Variable       Variable          Observed     Estimated    Residual (Obs.-Est.)  Stand. Residual
     AB39M          AB39T
       Category 1     Category 1        0.208       0.206             0.001            0.054
       Category 1     Category 2        0.126       0.126             0.000            0.003
       Category 2     Category 1        0.414       0.414             0.000            0.003
       Category 2     Category 2        0.252       0.253            -0.001           -0.056
     AB39M          AB39U
       Category 1     Category 1        0.310       0.310             0.000           -0.008
       Category 1     Category 2        0.023       0.023             0.000            0.004
       Category 2     Category 1        0.622       0.622             0.000            0.003
       Category 2     Category 2        0.046       0.045             0.000            0.009
     AB39M          AB39W
       Category 1     Category 1        0.229       0.230            -0.001           -0.042
       Category 1     Category 2        0.102       0.102             0.000           -0.006
       Category 2     Category 1        0.462       0.462             0.000            0.010
       Category 2     Category 2        0.206       0.206             0.001            0.036
     AB39M          AB39X
       Category 1     Category 1        0.118       0.118             0.000           -0.003
       Category 1     Category 2        0.215       0.214             0.001            0.034
       Category 2     Category 1        0.237       0.238            -0.001           -0.037
       Category 2     Category 2        0.430       0.430             0.000            0.006
     AB39T          AB39U
       Category 1     Category 1        0.581       0.578             0.003            0.095
       Category 1     Category 2        0.043       0.042             0.000            0.027
       Category 2     Category 1        0.351       0.354            -0.003           -0.104
       Category 2     Category 2        0.026       0.026             0.000           -0.015
     AB39T          AB39W
       Category 1     Category 1        0.431       0.429             0.002            0.058
       Category 1     Category 2        0.190       0.191            -0.001           -0.049
       Category 2     Category 1        0.263       0.263             0.000            0.016
       Category 2     Category 2        0.116       0.117            -0.001           -0.052
     AB39T          AB39X
       Category 1     Category 1        0.221       0.221             0.000            0.013
       Category 1     Category 2        0.400       0.400             0.000            0.003
       Category 2     Category 1        0.135       0.135             0.000           -0.002
       Category 2     Category 2        0.244       0.244             0.000           -0.015
     AB39U          AB39W
       Category 1     Category 1        0.643       0.645            -0.002           -0.059
       Category 1     Category 2        0.289       0.287             0.002            0.067
       Category 2     Category 1        0.047       0.047             0.000           -0.017
       Category 2     Category 2        0.021       0.021             0.000            0.010
     AB39U          AB39X
       Category 1     Category 1        0.330       0.332            -0.001           -0.053
       Category 1     Category 2        0.602       0.600             0.001            0.045
       Category 2     Category 1        0.024       0.024             0.000           -0.005
       Category 2     Category 2        0.044       0.044             0.000            0.017
     AB39W          AB39X
       Category 1     Category 1        0.247       0.246             0.001            0.041
       Category 1     Category 2        0.445       0.446            -0.001           -0.040
       Category 2     Category 1        0.110       0.110             0.001            0.029
       Category 2     Category 2        0.198       0.198             0.000           -0.017


     UNIVARIATE DISTRIBUTION FIT FOR CLASS 6

     Variable          Observed      Estimated      Residual (Obs.-Est.)    Stand. Residual
     AB39M
       Category 1        0.683          0.683                  0.000                0.000
       Category 2        0.317          0.317                  0.000                0.000
     AB39T
       Category 1        0.982          0.982                  0.000                0.000
       Category 2        0.018          0.018                  0.000                0.000
     AB39U
       Category 1        0.966          0.966                  0.000                0.000
       Category 2        0.034          0.034                  0.000                0.000
     AB39W
       Category 1        0.938          0.938                  0.000                0.000
       Category 2        0.062          0.062                  0.000                0.000
     AB39X
       Category 1        0.977          0.977                  0.000                0.000
       Category 2        0.023          0.023                  0.000                0.000


     BIVARIATE DISTRIBUTIONS FIT FOR CLASS 6

     Variable       Variable          Observed     Estimated    Residual (Obs.-Est.)  Stand. Residual
     AB39M          AB39T
       Category 1     Category 1        0.671       0.671             0.000            0.012
       Category 1     Category 2        0.012       0.012             0.000           -0.048
       Category 2     Category 1        0.311       0.311             0.000            0.004
       Category 2     Category 2        0.006       0.006             0.000           -0.033
     AB39M          AB39U
       Category 1     Category 1        0.659       0.659             0.000            0.001
       Category 1     Category 2        0.024       0.023             0.000            0.006
       Category 2     Category 1        0.306       0.306             0.000           -0.004
       Category 2     Category 2        0.011       0.011             0.000            0.004
     AB39M          AB39W
       Category 1     Category 1        0.641       0.641             0.000            0.012
       Category 1     Category 2        0.043       0.042             0.000            0.050
       Category 2     Category 1        0.297       0.297            -0.001           -0.042
       Category 2     Category 2        0.020       0.020             0.000            0.024
     AB39M          AB39X
       Category 1     Category 1        0.668       0.667             0.001            0.037
       Category 1     Category 2        0.016       0.015             0.000            0.014
       Category 2     Category 1        0.309       0.310            -0.001           -0.042
       Category 2     Category 2        0.007       0.007             0.000            0.002
     AB39T          AB39U
       Category 1     Category 1        0.949       0.948             0.001            0.109
       Category 1     Category 2        0.033       0.034             0.000           -0.050
       Category 2     Category 1        0.017       0.017             0.000           -0.110
       Category 2     Category 2        0.001       0.001             0.000           -0.028
     AB39T          AB39W
       Category 1     Category 1        0.921       0.921             0.001            0.057
       Category 1     Category 2        0.060       0.061            -0.001           -0.074
       Category 2     Category 1        0.017       0.017             0.000            0.020
       Category 2     Category 2        0.001       0.001             0.000           -0.005
     AB39T          AB39X
       Category 1     Category 1        0.960       0.960             0.000            0.026
       Category 1     Category 2        0.022       0.022             0.000           -0.028
       Category 2     Category 1        0.018       0.018             0.000           -0.007
       Category 2     Category 2        0.000       0.000             0.000           -0.005
     AB39U          AB39W
       Category 1     Category 1        0.906       0.906             0.000           -0.003
       Category 1     Category 2        0.060       0.060             0.000            0.027
       Category 2     Category 1        0.032       0.032             0.000           -0.032
       Category 2     Category 2        0.002       0.002             0.000           -0.003
     AB39U          AB39X
       Category 1     Category 1        0.943       0.944             0.000           -0.028
       Category 1     Category 2        0.022       0.022             0.000            0.022
       Category 2     Category 1        0.034       0.034             0.000            0.017
       Category 2     Category 2        0.001       0.001             0.000            0.007
     AB39W          AB39X
       Category 1     Category 1        0.917       0.917             0.000            0.024
       Category 1     Category 2        0.021       0.021             0.000           -0.060
       Category 2     Category 1        0.061       0.061             0.000            0.011
       Category 2     Category 2        0.001       0.001             0.000           -0.014


TECHNICAL 1 OUTPUT


     PARAMETER SPECIFICATION FOR LATENT CLASS 1


     PARAMETER SPECIFICATION FOR LATENT CLASS 2


     PARAMETER SPECIFICATION FOR LATENT CLASS 3


     PARAMETER SPECIFICATION FOR LATENT CLASS 4


     PARAMETER SPECIFICATION FOR LATENT CLASS 5


     PARAMETER SPECIFICATION FOR LATENT CLASS 6


     PARAMETER SPECIFICATION FOR LATENT CLASS INDICATOR MODEL PART


           TAU(U) FOR LATENT CLASS 1
              AB39M$1       AB39T$1       AB39U$1       AB39W$1       AB39X$1
              ________      ________      ________      ________      ________
                    1             2             3             4             5


           TAU(U) FOR LATENT CLASS 2
              AB39M$1       AB39T$1       AB39U$1       AB39W$1       AB39X$1
              ________      ________      ________      ________      ________
                    6             7             8             9            10


           TAU(U) FOR LATENT CLASS 3
              AB39M$1       AB39T$1       AB39U$1       AB39W$1       AB39X$1
              ________      ________      ________      ________      ________
                   11            12            13            14            15


           TAU(U) FOR LATENT CLASS 4
              AB39M$1       AB39T$1       AB39U$1       AB39W$1       AB39X$1
              ________      ________      ________      ________      ________
                   16            17            18            19            20


           TAU(U) FOR LATENT CLASS 5
              AB39M$1       AB39T$1       AB39U$1       AB39W$1       AB39X$1
              ________      ________      ________      ________      ________
                   21            22            23            24            25


           TAU(U) FOR LATENT CLASS 6
              AB39M$1       AB39T$1       AB39U$1       AB39W$1       AB39X$1
              ________      ________      ________      ________      ________
                   26            27            28            29            30


     PARAMETER SPECIFICATION FOR LATENT CLASS REGRESSION MODEL PART


           ALPHA(C)
              C#1           C#2           C#3           C#4           C#5
              ________      ________      ________      ________      ________
                   31            32            33            34            35


           ALPHA(C)
              C#6
              ________
                    0


     STARTING VALUES FOR LATENT CLASS 1


     STARTING VALUES FOR LATENT CLASS 2


     STARTING VALUES FOR LATENT CLASS 3


     STARTING VALUES FOR LATENT CLASS 4


     STARTING VALUES FOR LATENT CLASS 5


     STARTING VALUES FOR LATENT CLASS 6


     STARTING VALUES FOR LATENT CLASS INDICATOR MODEL PART


           TAU(U) FOR LATENT CLASS 1
              AB39M$1       AB39T$1       AB39U$1       AB39W$1       AB39X$1
              ________      ________      ________      ________      ________
               -2.460        -1.610        -1.969        -1.610        -1.845


           TAU(U) FOR LATENT CLASS 2
              AB39M$1       AB39T$1       AB39U$1       AB39W$1       AB39X$1
              ________      ________      ________      ________      ________
               -1.460        -0.610        -0.969        -0.610        -0.845


           TAU(U) FOR LATENT CLASS 3
              AB39M$1       AB39T$1       AB39U$1       AB39W$1       AB39X$1
              ________      ________      ________      ________      ________
               -0.460         0.390         0.031         0.390         0.155


           TAU(U) FOR LATENT CLASS 4
              AB39M$1       AB39T$1       AB39U$1       AB39W$1       AB39X$1
              ________      ________      ________      ________      ________
               -0.460         0.390         0.031         0.390         0.155


           TAU(U) FOR LATENT CLASS 5
              AB39M$1       AB39T$1       AB39U$1       AB39W$1       AB39X$1
              ________      ________      ________      ________      ________
                0.540         1.390         1.031         1.390         1.155


           TAU(U) FOR LATENT CLASS 6
              AB39M$1       AB39T$1       AB39U$1       AB39W$1       AB39X$1
              ________      ________      ________      ________      ________
                1.540         2.390         2.031         2.390         2.155


     STARTING VALUES FOR LATENT CLASS REGRESSION MODEL PART


           ALPHA(C)
              C#1           C#2           C#3           C#4           C#5
              ________      ________      ________      ________      ________
                0.000         0.000         0.000         0.000         0.000


           ALPHA(C)
              C#6
              ________
                0.000


TECHNICAL 11 OUTPUT

     Random Starts Specifications for the k-1 Class Analysis Model
        Number of initial stage random starts                 500
        Number of final stage optimizations                   100



     VUONG-LO-MENDELL-RUBIN LIKELIHOOD RATIO TEST FOR 5 (H0) VERSUS 6 CLASSES

          H0 Loglikelihood Value                        -8662.393
          2 Times the Loglikelihood Difference              1.704
          Difference in the Number of Parameters                6
          Mean                                              6.705
          Standard Deviation                                3.993
          P-Value                                          0.9353

     LO-MENDELL-RUBIN ADJUSTED LRT TEST

          Value                                             1.669
          P-Value                                          0.9372


TECHNICAL 14 OUTPUT

     Random Starts Specifications for the k-1 Class Analysis Model
        Number of initial stage random starts                 500
        Number of final stage optimizations                   100

     Random Starts Specification for the k-1 Class Model for Generated Data
        Number of initial stage random starts                   0
        Number of final stage optimizations for the
           initial stage random starts                          0
     Random Starts Specification for the k Class Model for Generated Data
        Number of initial stage random starts                  40
        Number of final stage optimizations                     8
     Number of bootstrap draws requested                   Varies


     PARAMETRIC BOOTSTRAPPED LIKELIHOOD RATIO TEST FOR 5 (H0) VERSUS 6 CLASSES

          H0 Loglikelihood Value                        -8662.393
          2 Times the Loglikelihood Difference              1.704
          Difference in the Number of Parameters                6
          Approximate P-Value                              0.6667
          Successful Bootstrap Draws                            3


PLOT INFORMATION

The following plots are available:

  Histograms (sample values)
  Scatterplots (sample values)
  Sample proportions and estimated probabilities

     Beginning Time:  09:11:52
        Ending Time:  09:11:53
       Elapsed Time:  00:00:01



MUTHEN & MUTHEN
3463 Stoner Ave.
Los Angeles, CA  90066

Tel: (310) 391-9971
Fax: (310) 391-8971
Web: www.StatModel.com
Support: Support@StatModel.com

Copyright (c) 1998-2021 Muthen & Muthen
