Mplus VERSION 8.6 (Mac)
MUTHEN & MUTHEN
11/27/2023   9:12 AM

INPUT INSTRUCTIONS

  TITLE:
  Class-4_Time2
  DATA:
  FILE = "/Users/agarber/github/Intro-to-LTA/enum_LCA_time2/t2.dat";

  VARIABLE:
  NAMES = AB39M AB39T AB39U AB39W AB39X GA33A GA33H GA33I GA33K GA33L ENGINEER MATHG7
       MATHG8 MATHG10 MATHG11 MATHG12 FEMALE KA9B KA9C KA9D KA9G KA9K CPROB11 CPROB12
       CPROB13 CPROB14 CMOD1 CASENUM COHORT SOCISS2 OPKNOW2 SIOK2 CPROB21 CPROB22
       CPROB23 CPROB24 CMOD2;
   MISSING=.;
   !!! NOTE CHANGE: List of the five 10th grade science attitude indicators !!!
  categorical = ga33a-ga33l;
       usevar = ga33a-ga33l;

  classes = c(4);
  ANALYSIS:
  estimator = mlr;
        type = mixture;
        starts = 500 100;
        processors = 10;
  OUTPUT:
  sampstat residual tech11 tech14;
  PLOT:
  type = plot3;
        series = ga33a-ga33l(*);



*** WARNING in OUTPUT command
  SAMPSTAT option is not available when all outcomes are censored, ordered
  categorical, unordered categorical (nominal), count or continuous-time
  survival variables.  Request for SAMPSTAT is ignored.
*** WARNING
  Data set contains cases with missing on all variables.
  These cases were not included in the analysis.
  Number of cases with missing on all variables:  865
   2 WARNING(S) FOUND IN THE INPUT INSTRUCTIONS




Class-4_Time2

SUMMARY OF ANALYSIS

Number of groups                                                 1
Number of observations                                        2227

Number of dependent variables                                    5
Number of independent variables                                  0
Number of continuous latent variables                            0
Number of categorical latent variables                           1

Observed dependent variables

  Binary and ordered categorical (ordinal)
   GA33A       GA33H       GA33I       GA33K       GA33L

Categorical latent variables
   C


Estimator                                                      MLR
Information matrix                                        OBSERVED
Optimization Specifications for the Quasi-Newton Algorithm for
Continuous Outcomes
  Maximum number of iterations                                 100
  Convergence criterion                                  0.100D-05
Optimization Specifications for the EM Algorithm
  Maximum number of iterations                                 500
  Convergence criteria
    Loglikelihood change                                 0.100D-06
    Relative loglikelihood change                        0.100D-06
    Derivative                                           0.100D-05
Optimization Specifications for the M step of the EM Algorithm for
Categorical Latent variables
  Number of M step iterations                                    1
  M step convergence criterion                           0.100D-05
  Basis for M step termination                           ITERATION
Optimization Specifications for the M step of the EM Algorithm for
Censored, Binary or Ordered Categorical (Ordinal), Unordered
Categorical (Nominal) and Count Outcomes
  Number of M step iterations                                    1
  M step convergence criterion                           0.100D-05
  Basis for M step termination                           ITERATION
  Maximum value for logit thresholds                            15
  Minimum value for logit thresholds                           -15
  Minimum expected cell size for chi-square              0.100D-01
Maximum number of iterations for H1                           2000
Convergence criterion for H1                             0.100D-03
Optimization algorithm                                         EMA
Random Starts Specifications
  Number of initial stage random starts                        500
  Number of final stage optimizations                          100
  Number of initial stage iterations                            10
  Initial stage convergence criterion                    0.100D+01
  Random starts scale                                    0.500D+01
  Random seed for generating random starts                       0
Link                                                         LOGIT

Input data file(s)
  /Users/agarber/github/Intro-to-LTA/enum_LCA_time2/t2.dat
Input data format  FREE


SUMMARY OF DATA

     Number of missing data patterns            12
     Number of y missing data patterns           0
     Number of u missing data patterns          12


COVARIANCE COVERAGE OF DATA

Minimum covariance coverage value   0.100


     PROPORTION OF DATA PRESENT FOR U


           Covariance Coverage
              GA33A         GA33H         GA33I         GA33K         GA33L
              ________      ________      ________      ________      ________
 GA33A          0.996
 GA33H          0.987         0.990
 GA33I          0.987         0.981         0.989
 GA33K          0.988         0.982         0.981         0.991
 GA33L          0.993         0.987         0.987         0.988         0.996


UNIVARIATE PROPORTIONS AND COUNTS FOR CATEGORICAL VARIABLES

    GA33A
      Category 1    0.424          941.000
      Category 2    0.576         1278.000
    GA33H
      Category 1    0.572         1261.000
      Category 2    0.428          944.000
    GA33I
      Category 1    0.491         1082.000
      Category 2    0.509         1121.000
    GA33K
      Category 1    0.579         1277.000
      Category 2    0.421          930.000
    GA33L
      Category 1    0.584         1297.000
      Category 2    0.416          922.000


RANDOM STARTS RESULTS RANKED FROM THE BEST TO THE WORST LOGLIKELIHOOD VALUES

Final stage loglikelihood values at local maxima, seeds, and initial stage start numbers:

           -5880.247  462953           7
           -5880.247  369602           146
           -5880.247  438144           271
           -5880.247  606576           151
           -5880.247  939021           8
           -5880.247  824126           287
           -5880.247  972430           491
           -5880.247  662718           460
           -5880.247  561664           392
           -5880.247  268896           124
           -5880.247  748692           204
           -5880.247  534483           290
           -5880.247  352277           42
           -5880.247  375590           438
           -5880.247  478421           311
           -5880.247  576596           99
           -5880.247  930872           277
           -5880.247  285380           1
           -5880.247  848331           137
           -5880.247  260601           36
           -5880.247  732596           320
           -5880.247  471398           74
           -5880.247  292884           103
           -5880.247  691234           250
           -5880.247  436460           89
           -5880.247  107446           12
           -5880.247  275475           413
           -5880.247  971693           470
           -5880.247  152496           123
           -5880.247  36714            201
           -5880.247  321390           133
           -5880.247  813779           92
           -5880.247  188640           451
           -5880.247  303634           169
           -5880.247  105435           265
           -5880.247  197223           332
           -5880.247  802682           419
           -5880.247  253358           2
           -5880.247  193569           440
           -5880.247  939709           112
           -5880.247  631413           439
           -5880.247  137305           379
           -5880.247  741484           441
           -5880.247  521575           313
           -5880.318  89970            223
           -5880.394  17359            227
           -5898.822  988761           475

53 perturbed starting value run(s) did not converge or were rejected in the third stage.



THE BEST LOGLIKELIHOOD VALUE HAS BEEN REPLICATED.  RERUN WITH AT LEAST TWICE THE
RANDOM STARTS TO CHECK THAT THE BEST LOGLIKELIHOOD IS STILL OBTAINED AND REPLICATED.


THE MODEL ESTIMATION TERMINATED NORMALLY



MODEL FIT INFORMATION

Number of Free Parameters                       23

Loglikelihood

          H0 Value                       -5880.247
          H0 Scaling Correction Factor      1.0391
            for MLR

Information Criteria

          Akaike (AIC)                   11806.493
          Bayesian (BIC)                 11937.787
          Sample-Size Adjusted BIC       11864.712
            (n* = (n + 2) / 24)

Chi-Square Test of Model Fit for the Binary and Ordered Categorical
(Ordinal) Outcomes

          Pearson Chi-Square

          Value                              8.926
          Degrees of Freedom                     8
          P-Value                           0.3486

          Likelihood Ratio Chi-Square

          Value                              6.353
          Degrees of Freedom                     8
          P-Value                           0.6078

Chi-Square Test for MCAR under the Unrestricted Latent Class Indicator Model

          Pearson Chi-Square

          Value                            160.372
          Degrees of Freedom                    99
          P-Value                           0.0001

          Likelihood Ratio Chi-Square

          Value                             89.095
          Degrees of Freedom                    99
          P-Value                           0.7521



FINAL CLASS COUNTS AND PROPORTIONS FOR THE LATENT CLASSES
BASED ON THE ESTIMATED MODEL

    Latent
   Classes

       1        698.81870          0.31379
       2        798.07089          0.35836
       3        315.27593          0.14157
       4        414.83449          0.18628


FINAL CLASS COUNTS AND PROPORTIONS FOR THE LATENT CLASSES
BASED ON ESTIMATED POSTERIOR PROBABILITIES

    Latent
   Classes

       1        698.81870          0.31379
       2        798.07089          0.35836
       3        315.27593          0.14157
       4        414.83449          0.18628


FINAL CLASS COUNTS AND PROPORTIONS FOR THE LATENT CLASSES
BASED ON THEIR MOST LIKELY LATENT CLASS MEMBERSHIP

Class Counts and Proportions

    Latent
   Classes

       1              774          0.34755
       2              832          0.37360
       3              206          0.09250
       4              415          0.18635


CLASSIFICATION QUALITY

     Entropy                         0.687


Average Latent Class Probabilities for Most Likely Latent Class Membership (Row)
by Latent Class (Column)

           1        2        3        4

    1   0.867    0.000    0.103    0.030
    2   0.000    0.880    0.032    0.088
    3   0.066    0.024    0.834    0.077
    4   0.033    0.148    0.090    0.730


Classification Probabilities for the Most Likely Latent Class Membership (Column)
by Latent Class (Row)

           1        2        3        4

    1   0.961    0.000    0.019    0.020
    2   0.000    0.917    0.006    0.077
    3   0.253    0.084    0.545    0.118
    4   0.055    0.177    0.038    0.730


Logits for the Classification Probabilities for the Most Likely Latent Class Membership (Column)
by Latent Class (Row)

              1        2        3        4

    1      3.896   -3.807   -0.010    0.000
    2     -7.567    2.480   -2.534    0.000
    3      0.759   -0.341    1.527    0.000
    4     -2.580   -1.419   -2.951    0.000


MODEL RESULTS

                                                    Two-Tailed
                    Estimate       S.E.  Est./S.E.    P-Value

Latent Class 1

 Thresholds
    GA33A$1           -2.181      0.153    -14.287      0.000
    GA33H$1           -2.782      0.719     -3.867      0.000
    GA33I$1           -3.061      0.498     -6.145      0.000
    GA33K$1           -2.363      0.227    -10.413      0.000
    GA33L$1           -2.551      0.286     -8.929      0.000

Latent Class 2

 Thresholds
    GA33A$1            1.116      0.124      9.000      0.000
    GA33H$1            3.957      1.167      3.391      0.001
    GA33I$1            2.743      0.765      3.584      0.000
    GA33K$1            2.770      0.243     11.399      0.000
    GA33L$1            5.097      2.853      1.786      0.074

Latent Class 3

 Thresholds
    GA33A$1           -0.814      0.306     -2.656      0.008
    GA33H$1            0.762      0.551      1.384      0.166
    GA33I$1            0.274      0.789      0.348      0.728
    GA33K$1           -0.061      0.334     -0.181      0.856
    GA33L$1           -1.314      1.147     -1.145      0.252

Latent Class 4

 Thresholds
    GA33A$1           -0.311      0.326     -0.952      0.341
    GA33H$1            0.272      0.328      0.829      0.407
    GA33I$1           -0.749      0.447     -1.676      0.094
    GA33K$1            1.290      0.479      2.695      0.007
    GA33L$1            2.781      4.284      0.649      0.516

Categorical Latent Variables

 Means
    C#1                0.522      0.349      1.495      0.135
    C#2                0.654      0.401      1.630      0.103
    C#3               -0.274      0.982     -0.280      0.780


QUALITY OF NUMERICAL RESULTS

     Condition Number for the Information Matrix              0.126E-03
       (ratio of smallest to largest eigenvalue)


RESULTS IN PROBABILITY SCALE

                                                    Two-Tailed
                    Estimate       S.E.  Est./S.E.    P-Value

Latent Class 1

 GA33A
    Category 1         0.101      0.014      7.291      0.000
    Category 2         0.899      0.014     64.553      0.000
 GA33H
    Category 1         0.058      0.039      1.476      0.140
    Category 2         0.942      0.039     23.842      0.000
 GA33I
    Category 1         0.045      0.021      2.102      0.036
    Category 2         0.955      0.021     44.862      0.000
 GA33K
    Category 1         0.086      0.018      4.823      0.000
    Category 2         0.914      0.018     51.207      0.000
 GA33L
    Category 1         0.072      0.019      3.774      0.000
    Category 2         0.928      0.019     48.363      0.000

Latent Class 2

 GA33A
    Category 1         0.753      0.023     32.686      0.000
    Category 2         0.247      0.023     10.713      0.000
 GA33H
    Category 1         0.981      0.021     45.668      0.000
    Category 2         0.019      0.021      0.873      0.382
 GA33I
    Category 1         0.940      0.043     21.609      0.000
    Category 2         0.060      0.043      1.391      0.164
 GA33K
    Category 1         0.941      0.013     69.775      0.000
    Category 2         0.059      0.013      4.373      0.000
 GA33L
    Category 1         0.994      0.017     57.666      0.000
    Category 2         0.006      0.017      0.353      0.724

Latent Class 3

 GA33A
    Category 1         0.307      0.065      4.712      0.000
    Category 2         0.693      0.065     10.628      0.000
 GA33H
    Category 1         0.682      0.119      5.707      0.000
    Category 2         0.318      0.119      2.664      0.008
 GA33I
    Category 1         0.568      0.193      2.936      0.003
    Category 2         0.432      0.193      2.232      0.026
 GA33K
    Category 1         0.485      0.083      5.809      0.000
    Category 2         0.515      0.083      6.172      0.000
 GA33L
    Category 1         0.212      0.192      1.106      0.269
    Category 2         0.788      0.192      4.114      0.000

Latent Class 4

 GA33A
    Category 1         0.423      0.080      5.313      0.000
    Category 2         0.577      0.080      7.249      0.000
 GA33H
    Category 1         0.568      0.080      7.054      0.000
    Category 2         0.432      0.080      5.375      0.000
 GA33I
    Category 1         0.321      0.097      3.293      0.001
    Category 2         0.679      0.097      6.968      0.000
 GA33K
    Category 1         0.784      0.081      9.679      0.000
    Category 2         0.216      0.081      2.665      0.008
 GA33L
    Category 1         0.942      0.235      4.001      0.000
    Category 2         0.058      0.235      0.248      0.804


LATENT CLASS INDICATOR ODDS RATIOS FOR THE LATENT CLASSES

                                                95% C.I.
                    Estimate       S.E.  Lower 2.5% Upper 2.5%

Latent Class 1 Compared to Latent Class 2

 GA33A
    Category > 1      27.013      5.117     18.635     39.158
 GA33H
    Category > 1     844.522   1279.172     43.381  16440.834
 GA33I
    Category > 1     331.700    347.354     42.595   2583.059
 GA33K
    Category > 1     169.398     51.702     93.135    308.110
 GA33L
    Category > 1    2095.741   6079.641      7.112  *********

Latent Class 1 Compared to Latent Class 3

 GA33A
    Category > 1       3.925      1.345      2.005      7.684
 GA33H
    Category > 1      34.604     16.416     13.656     87.689
 GA33I
    Category > 1      28.076     17.003      8.567     92.011
 GA33K
    Category > 1       9.993      3.442      5.088     19.629
 GA33L
    Category > 1       3.445      3.893      0.376     31.559

Latent Class 1 Compared to Latent Class 4

 GA33A
    Category > 1       6.490      2.308      3.233     13.029
 GA33H
    Category > 1      21.195     19.052      3.640    123.425
 GA33I
    Category > 1      10.089      7.140      2.520     40.386
 GA33K
    Category > 1      38.562     19.865     14.050    105.840
 GA33L
    Category > 1     206.828    867.630      0.056  *********

Latent Class 2 Compared to Latent Class 3

 GA33A
    Category > 1       0.145      0.048      0.076      0.279
 GA33H
    Category > 1       0.041      0.057      0.003      0.623
 GA33I
    Category > 1       0.085      0.115      0.006      1.221
 GA33K
    Category > 1       0.059      0.023      0.028      0.126
 GA33L
    Category > 1       0.002      0.005      0.000      0.526

Latent Class 2 Compared to Latent Class 4

 GA33A
    Category > 1       0.240      0.075      0.130      0.443
 GA33H
    Category > 1       0.025      0.026      0.003      0.195
 GA33I
    Category > 1       0.030      0.022      0.007      0.125
 GA33K
    Category > 1       0.228      0.113      0.086      0.603
 GA33L
    Category > 1       0.099      0.608      0.000  17253.424

Latent Class 3 Compared to Latent Class 4

 GA33A
    Category > 1       1.654      0.847      0.606      4.511
 GA33H
    Category > 1       0.612      0.468      0.137      2.734
 GA33I
    Category > 1       0.359      0.358      0.051      2.530
 GA33K
    Category > 1       3.859      1.942      1.439     10.349
 GA33L
    Category > 1      60.033    259.605      0.013  *********


RESIDUAL OUTPUT


     UNIVARIATE DISTRIBUTION FIT FOR CLASS 1

     Variable          Observed      Estimated      Residual (Obs.-Est.)    Stand. Residual
     GA33A
       Category 1        0.101          0.101                  0.000                0.000
       Category 2        0.899          0.899                  0.000                0.000
     GA33H
       Category 1        0.058          0.058                  0.000                0.000
       Category 2        0.942          0.942                  0.000                0.000
     GA33I
       Category 1        0.045          0.045                  0.000                0.000
       Category 2        0.955          0.955                  0.000                0.000
     GA33K
       Category 1        0.086          0.086                  0.000                0.000
       Category 2        0.914          0.914                  0.000                0.000
     GA33L
       Category 1        0.072          0.072                  0.000                0.000
       Category 2        0.928          0.928                  0.000                0.000


     BIVARIATE DISTRIBUTIONS FIT FOR CLASS 1

     Variable       Variable          Observed     Estimated    Residual (Obs.-Est.)  Stand. Residual
     GA33A          GA33H
       Category 1     Category 1        0.005       0.006            -0.001           -0.336
       Category 1     Category 2        0.097       0.096             0.001            0.100
       Category 2     Category 1        0.053       0.052             0.001            0.117
       Category 2     Category 2        0.845       0.846            -0.001           -0.083
     GA33A          GA33I
       Category 1     Category 1        0.004       0.005             0.000           -0.077
       Category 1     Category 2        0.098       0.097             0.001            0.068
       Category 2     Category 1        0.041       0.040             0.000            0.043
       Category 2     Category 2        0.857       0.858            -0.001           -0.067
     GA33A          GA33K
       Category 1     Category 1        0.009       0.009             0.000            0.109
       Category 1     Category 2        0.093       0.093             0.000            0.022
       Category 2     Category 1        0.077       0.077             0.000           -0.019
       Category 2     Category 2        0.821       0.821             0.000           -0.030
     GA33A          GA33L
       Category 1     Category 1        0.008       0.007             0.001            0.231
       Category 1     Category 2        0.093       0.094            -0.001           -0.064
       Category 2     Category 1        0.064       0.065            -0.001           -0.080
       Category 2     Category 2        0.834       0.833             0.001            0.050
     GA33H          GA33I
       Category 1     Category 1        0.003       0.003             0.000            0.002
       Category 1     Category 2        0.056       0.056             0.000            0.015
       Category 2     Category 1        0.042       0.042             0.000            0.027
       Category 2     Category 2        0.899       0.900             0.000           -0.030
     GA33H          GA33K
       Category 1     Category 1        0.006       0.005             0.001            0.249
       Category 1     Category 2        0.053       0.053             0.000           -0.031
       Category 2     Category 1        0.080       0.081            -0.001           -0.111
       Category 2     Category 2        0.861       0.861             0.001            0.057
     GA33H          GA33L
       Category 1     Category 1        0.004       0.004             0.000            0.039
       Category 1     Category 2        0.054       0.054             0.000            0.013
       Category 2     Category 1        0.068       0.068             0.000            0.020
       Category 2     Category 2        0.873       0.874             0.000           -0.031
     GA33I          GA33K
       Category 1     Category 1        0.004       0.004             0.000           -0.107
       Category 1     Category 2        0.041       0.041             0.000           -0.014
       Category 2     Category 1        0.083       0.082             0.001            0.083
       Category 2     Category 2        0.873       0.873            -0.001           -0.040
     GA33I          GA33L
       Category 1     Category 1        0.003       0.003             0.000           -0.148
       Category 1     Category 2        0.041       0.042             0.000           -0.065
       Category 2     Category 1        0.069       0.069             0.000            0.009
       Category 2     Category 2        0.887       0.886             0.001            0.060
     GA33K          GA33L
       Category 1     Category 1        0.006       0.006             0.000           -0.047
       Category 1     Category 2        0.080       0.080             0.000            0.021
       Category 2     Category 1        0.066       0.066             0.000           -0.002
       Category 2     Category 2        0.848       0.848             0.000           -0.004


     UNIVARIATE DISTRIBUTION FIT FOR CLASS 2

     Variable          Observed      Estimated      Residual (Obs.-Est.)    Stand. Residual
     GA33A
       Category 1        0.753          0.753                  0.000                0.000
       Category 2        0.247          0.247                  0.000                0.000
     GA33H
       Category 1        0.981          0.981                  0.000                0.000
       Category 2        0.019          0.019                  0.000                0.000
     GA33I
       Category 1        0.940          0.940                  0.000                0.000
       Category 2        0.060          0.060                  0.000                0.000
     GA33K
       Category 1        0.941          0.941                  0.000                0.000
       Category 2        0.059          0.059                  0.000                0.000
     GA33L
       Category 1        0.994          0.994                  0.000                0.000
       Category 2        0.006          0.006                  0.000                0.000


     BIVARIATE DISTRIBUTIONS FIT FOR CLASS 2

     Variable       Variable          Observed     Estimated    Residual (Obs.-Est.)  Stand. Residual
     GA33A          GA33H
       Category 1     Category 1        0.741       0.739             0.002            0.109
       Category 1     Category 2        0.014       0.014             0.000           -0.019
       Category 2     Category 1        0.241       0.242            -0.001           -0.095
       Category 2     Category 2        0.004       0.005             0.000           -0.070
     GA33A          GA33I
       Category 1     Category 1        0.707       0.708            -0.001           -0.066
       Category 1     Category 2        0.045       0.046             0.000           -0.061
       Category 2     Category 1        0.233       0.232             0.001            0.077
       Category 2     Category 2        0.015       0.015             0.000            0.088
     GA33A          GA33K
       Category 1     Category 1        0.710       0.709             0.001            0.052
       Category 1     Category 2        0.043       0.044            -0.001           -0.134
       Category 2     Category 1        0.232       0.232             0.000           -0.003
       Category 2     Category 2        0.015       0.015             0.000            0.044
     GA33A          GA33L
       Category 1     Category 1        0.748       0.749            -0.001           -0.035
       Category 1     Category 2        0.005       0.005             0.000            0.043
       Category 2     Category 1        0.246       0.245             0.001            0.034
       Category 2     Category 2        0.001       0.002             0.000           -0.066
     GA33H          GA33I
       Category 1     Category 1        0.922       0.922             0.000            0.030
       Category 1     Category 2        0.059       0.059             0.000           -0.049
       Category 2     Category 1        0.018       0.018             0.000            0.025
       Category 2     Category 2        0.001       0.001             0.000            0.004
     GA33H          GA33K
       Category 1     Category 1        0.924       0.923             0.001            0.076
       Category 1     Category 2        0.057       0.058            -0.001           -0.062
       Category 2     Category 1        0.017       0.018             0.000           -0.066
       Category 2     Category 2        0.001       0.001             0.000            0.088
     GA33H          GA33L
       Category 1     Category 1        0.975       0.975             0.000            0.031
       Category 1     Category 2        0.006       0.006             0.000           -0.022
       Category 2     Category 1        0.019       0.019             0.000           -0.026
       Category 2     Category 2        0.000       0.000             0.000            0.050
     GA33I          GA33K
       Category 1     Category 1        0.883       0.884            -0.001           -0.096
       Category 1     Category 2        0.056       0.055             0.001            0.102
       Category 2     Category 1        0.057       0.057             0.001            0.070
       Category 2     Category 2        0.003       0.004             0.000           -0.150
     GA33I          GA33L
       Category 1     Category 1        0.934       0.934             0.000           -0.019
       Category 1     Category 2        0.006       0.006             0.000            0.032
       Category 2     Category 1        0.060       0.060             0.000            0.016
       Category 2     Category 2        0.000       0.000             0.000           -0.080
     GA33K          GA33L
       Category 1     Category 1        0.935       0.935             0.000            0.000
       Category 1     Category 2        0.006       0.006             0.000           -0.027
       Category 2     Category 1        0.059       0.059             0.000            0.003
       Category 2     Category 2        0.000       0.000             0.000            0.069


     UNIVARIATE DISTRIBUTION FIT FOR CLASS 3

     Variable          Observed      Estimated      Residual (Obs.-Est.)    Stand. Residual
     GA33A
       Category 1        0.307          0.307                  0.000                0.000
       Category 2        0.693          0.693                  0.000                0.000
     GA33H
       Category 1        0.682          0.682                  0.000                0.000
       Category 2        0.318          0.318                  0.000                0.000
     GA33I
       Category 1        0.568          0.568                  0.000                0.000
       Category 2        0.432          0.432                  0.000                0.000
     GA33K
       Category 1        0.485          0.485                  0.000                0.000
       Category 2        0.515          0.515                  0.000                0.000
     GA33L
       Category 1        0.212          0.212                  0.000                0.000
       Category 2        0.788          0.788                  0.000                0.000


     BIVARIATE DISTRIBUTIONS FIT FOR CLASS 3

     Variable       Variable          Observed     Estimated    Residual (Obs.-Est.)  Stand. Residual
     GA33A          GA33H
       Category 1     Category 1        0.201       0.209            -0.008           -0.367
       Category 1     Category 2        0.103       0.098             0.005            0.322
       Category 2     Category 1        0.481       0.472             0.008            0.289
       Category 2     Category 2        0.215       0.220            -0.005           -0.219
     GA33A          GA33I
       Category 1     Category 1        0.191       0.174             0.016            0.766
       Category 1     Category 2        0.116       0.133            -0.016           -0.849
       Category 2     Category 1        0.378       0.394            -0.016           -0.577
       Category 2     Category 2        0.315       0.299             0.016            0.609
     GA33A          GA33K
       Category 1     Category 1        0.147       0.149            -0.002           -0.078
       Category 1     Category 2        0.159       0.158             0.000            0.016
       Category 2     Category 1        0.338       0.336             0.002            0.084
       Category 2     Category 2        0.356       0.357            -0.001           -0.038
     GA33A          GA33L
       Category 1     Category 1        0.065       0.065             0.000           -0.035
       Category 1     Category 2        0.242       0.242             0.000           -0.005
       Category 2     Category 1        0.145       0.147            -0.001           -0.069
       Category 2     Category 2        0.548       0.546             0.002            0.070
     GA33H          GA33I
       Category 1     Category 1        0.389       0.387             0.002            0.073
       Category 1     Category 2        0.293       0.294            -0.001           -0.041
       Category 2     Category 1        0.180       0.181            -0.001           -0.038
       Category 2     Category 2        0.137       0.137             0.000           -0.007
     GA33H          GA33K
       Category 1     Category 1        0.329       0.331            -0.001           -0.054
       Category 1     Category 2        0.354       0.351             0.003            0.111
       Category 2     Category 1        0.154       0.154             0.000            0.002
       Category 2     Category 2        0.162       0.164            -0.002           -0.076
     GA33H          GA33L
       Category 1     Category 1        0.145       0.144             0.001            0.047
       Category 1     Category 2        0.539       0.537             0.002            0.071
       Category 2     Category 1        0.066       0.067            -0.001           -0.078
       Category 2     Category 2        0.249       0.251            -0.002           -0.075
     GA33I          GA33K
       Category 1     Category 1        0.268       0.275            -0.007           -0.298
       Category 1     Category 2        0.299       0.293             0.006            0.238
       Category 2     Category 1        0.216       0.209             0.007            0.303
       Category 2     Category 2        0.217       0.222            -0.006           -0.237
     GA33I          GA33L
       Category 1     Category 1        0.120       0.120             0.000            0.004
       Category 1     Category 2        0.446       0.448            -0.002           -0.063
       Category 2     Category 1        0.092       0.092             0.001            0.037
       Category 2     Category 2        0.341       0.340             0.001            0.041
     GA33K          GA33L
       Category 1     Category 1        0.103       0.103             0.000           -0.012
       Category 1     Category 2        0.383       0.382             0.001            0.029
       Category 2     Category 1        0.109       0.109             0.000           -0.024
       Category 2     Category 2        0.406       0.406             0.000           -0.005


     UNIVARIATE DISTRIBUTION FIT FOR CLASS 4

     Variable          Observed      Estimated      Residual (Obs.-Est.)    Stand. Residual
     GA33A
       Category 1        0.423          0.423                  0.000                0.000
       Category 2        0.577          0.577                  0.000                0.000
     GA33H
       Category 1        0.568          0.568                  0.000                0.000
       Category 2        0.432          0.432                  0.000                0.000
     GA33I
       Category 1        0.321          0.321                  0.000                0.000
       Category 2        0.679          0.679                  0.000                0.000
     GA33K
       Category 1        0.784          0.784                  0.000                0.000
       Category 2        0.216          0.216                  0.000                0.000
     GA33L
       Category 1        0.942          0.942                  0.000                0.000
       Category 2        0.058          0.058                  0.000                0.000


     BIVARIATE DISTRIBUTIONS FIT FOR CLASS 4

     Variable       Variable          Observed     Estimated    Residual (Obs.-Est.)  Stand. Residual
     GA33A          GA33H
       Category 1     Category 1        0.232       0.240            -0.008           -0.394
       Category 1     Category 2        0.189       0.183             0.006            0.321
       Category 2     Category 1        0.335       0.327             0.008            0.328
       Category 2     Category 2        0.244       0.250            -0.005           -0.254
     GA33A          GA33I
       Category 1     Category 1        0.138       0.136             0.002            0.127
       Category 1     Category 2        0.283       0.287            -0.004           -0.175
       Category 2     Category 1        0.183       0.185            -0.003           -0.135
       Category 2     Category 2        0.396       0.392             0.004            0.180
     GA33A          GA33K
       Category 1     Category 1        0.333       0.332             0.002            0.079
       Category 1     Category 2        0.091       0.091            -0.001           -0.049
       Category 2     Category 1        0.453       0.452             0.001            0.029
       Category 2     Category 2        0.123       0.125            -0.002           -0.113
     GA33A          GA33L
       Category 1     Category 1        0.399       0.398             0.001            0.044
       Category 1     Category 2        0.024       0.025            -0.001           -0.129
       Category 2     Category 1        0.542       0.543            -0.001           -0.057
       Category 2     Category 2        0.035       0.034             0.001            0.150
     GA33H          GA33I
       Category 1     Category 1        0.183       0.182             0.000            0.024
       Category 1     Category 2        0.385       0.385             0.000           -0.008
       Category 2     Category 1        0.139       0.139             0.000           -0.012
       Category 2     Category 2        0.294       0.294             0.000           -0.002
     GA33H          GA33K
       Category 1     Category 1        0.448       0.445             0.003            0.111
       Category 1     Category 2        0.119       0.123            -0.003           -0.190
       Category 2     Category 1        0.336       0.339            -0.003           -0.127
       Category 2     Category 2        0.097       0.093             0.003            0.231
     GA33H          GA33L
       Category 1     Category 1        0.536       0.534             0.002            0.083
       Category 1     Category 2        0.033       0.033            -0.001           -0.065
       Category 2     Category 1        0.405       0.407            -0.002           -0.076
       Category 2     Category 2        0.026       0.025             0.000            0.049
     GA33I          GA33K
       Category 1     Category 1        0.251       0.252            -0.001           -0.044
       Category 1     Category 2        0.070       0.069             0.001            0.042
       Category 2     Category 1        0.534       0.532             0.002            0.081
       Category 2     Category 2        0.145       0.147            -0.002           -0.090
     GA33I          GA33L
       Category 1     Category 1        0.301       0.302            -0.002           -0.069
       Category 1     Category 2        0.019       0.019             0.000            0.002
       Category 2     Category 1        0.641       0.639             0.002            0.081
       Category 2     Category 2        0.039       0.040             0.000           -0.038
     GA33K          GA33L
       Category 1     Category 1        0.738       0.738             0.000            0.001
       Category 1     Category 2        0.046       0.046             0.000            0.043
       Category 2     Category 1        0.203       0.203             0.000           -0.012
       Category 2     Category 2        0.012       0.013             0.000           -0.040


TECHNICAL 11 OUTPUT

     Random Starts Specifications for the k-1 Class Analysis Model
        Number of initial stage random starts                 500
        Number of final stage optimizations                   100



     VUONG-LO-MENDELL-RUBIN LIKELIHOOD RATIO TEST FOR 3 (H0) VERSUS 4 CLASSES

          H0 Loglikelihood Value                        -5903.066
          2 Times the Loglikelihood Difference             45.638
          Difference in the Number of Parameters                6
          Mean                                              7.828
          Standard Deviation                                8.214
          P-Value                                          0.0032

     LO-MENDELL-RUBIN ADJUSTED LRT TEST

          Value                                            44.672
          P-Value                                          0.0036


TECHNICAL 14 OUTPUT

     Random Starts Specifications for the k-1 Class Analysis Model
        Number of initial stage random starts                 500
        Number of final stage optimizations                   100

     Random Starts Specification for the k-1 Class Model for Generated Data
        Number of initial stage random starts                   0
        Number of final stage optimizations for the
           initial stage random starts                          0
     Random Starts Specification for the k Class Model for Generated Data
        Number of initial stage random starts                  40
        Number of final stage optimizations                     8
     Number of bootstrap draws requested                   Varies


     PARAMETRIC BOOTSTRAPPED LIKELIHOOD RATIO TEST FOR 3 (H0) VERSUS 4 CLASSES

          H0 Loglikelihood Value                        -5903.066
          2 Times the Loglikelihood Difference             45.638
          Difference in the Number of Parameters                6
          Approximate P-Value                              0.0000
          Successful Bootstrap Draws                            5

     WARNING:  OF THE 5 BOOTSTRAP DRAWS, 5 DRAWS HAD BOTH A SMALLER LRT VALUE THAN THE
     OBSERVED LRT VALUE AND NOT A REPLICATED BEST LOGLIKELIHOOD VALUE FOR THE 4-CLASS MODEL.
     THIS MEANS THAT THE P-VALUE MAY NOT BE TRUSTWORTHY DUE TO LOCAL MAXIMA.
     INCREASE THE NUMBER OF RANDOM STARTS USING THE LRTSTARTS OPTION.



PLOT INFORMATION

The following plots are available:

  Histograms (sample values)
  Scatterplots (sample values)
  Sample proportions and estimated probabilities

     Beginning Time:  09:12:06
        Ending Time:  09:12:08
       Elapsed Time:  00:00:02



MUTHEN & MUTHEN
3463 Stoner Ave.
Los Angeles, CA  90066

Tel: (310) 391-9971
Fax: (310) 391-8971
Web: www.StatModel.com
Support: Support@StatModel.com

Copyright (c) 1998-2021 Muthen & Muthen
