Mplus VERSION 8.6 (Mac)
MUTHEN & MUTHEN
11/27/2023   9:20 AM

INPUT INSTRUCTIONS

  TITLE:
  LTA (Invariant)
  DATA:
  FILE = "/Users/agarber/github/Intro-to-LTA/LTA_models/lta.dat";

  VARIABLE:
  NAMES = AB39M AB39T AB39U AB39W AB39X GA33A GA33H GA33I GA33K GA33L ENGINEER MATHG7
       MATHG8 MATHG10 MATHG11 MATHG12 FEMALE KA9B KA9C KA9D KA9G KA9K CPROB11 CPROB12
       CPROB13 CPROB14 CMOD1 CASENUM COHORT SOCISS2 OPKNOW2 SIOK2 CPROB21 CPROB22
       CPROB23 CPROB24 CMOD2;
   MISSING=.;
   usevar = ab39m ab39t ab39u ab39w ab39x  ! 7th grade indicators
               ga33a ga33h ga33i ga33k ga33l; ! 10th grade indicators

        categorical = ab39m-ab39x ga33a-ga33l;

        classes = c1(4) c2(4);
  ANALYSIS:
  estimator = mlr;
        type = mixture;
        starts = 500 100;
        processors=10;
  MODEL:
  %overall%
        c2 on c1;

        MODEL c1:
        %c1#1%
        [AB39M$1-AB39X$1] (1-5);  !!! labels that are repeated will constrain parameters to
        %c1#2%
        [AB39M$1-AB39X$1] (6-10);
        %c1#3%
        [AB39M$1-AB39X$1] (11-15);
        %c1#4%
        [AB39M$1-AB39X$1] (16-20);

        MODEL c2:
        %c2#1%
        [GA33A$1-GA33L$1] (1-5);
        %c2#2%
        [GA33A$1-GA33L$1] (6-10);
        %c2#3%
        [GA33A$1-GA33L$1] (11-15);
        %c2#4%
        [GA33A$1-GA33L$1] (16-20);
  OUTPUT:
  tech1 tech15 svalues;
  SAVEDATA:
  file = lta-inv-cprobs.dat;
        save = cprob;
        missflag = 9999;



*** WARNING
  Input line exceeded 90 characters. Some input may be truncated.
        [AB39M$1-AB39X$1] (1-5);  !!! labels that are repeated will constrain parameters to e
*** WARNING
  Data set contains cases with missing on all variables.
  These cases were not included in the analysis.
  Number of cases with missing on all variables:  31
   2 WARNING(S) FOUND IN THE INPUT INSTRUCTIONS




LTA (Invariant)

SUMMARY OF ANALYSIS

Number of groups                                                 1
Number of observations                                        3061

Number of dependent variables                                   10
Number of independent variables                                  0
Number of continuous latent variables                            0
Number of categorical latent variables                           2

Observed dependent variables

  Binary and ordered categorical (ordinal)
   AB39M       AB39T       AB39U       AB39W       AB39X       GA33A
   GA33H       GA33I       GA33K       GA33L

Categorical latent variables
   C1          C2


Estimator                                                      MLR
Information matrix                                        OBSERVED
Optimization Specifications for the Quasi-Newton Algorithm for
Continuous Outcomes
  Maximum number of iterations                                 100
  Convergence criterion                                  0.100D-05
Optimization Specifications for the EM Algorithm
  Maximum number of iterations                                 500
  Convergence criteria
    Loglikelihood change                                 0.100D-03
    Relative loglikelihood change                        0.100D-05
    Derivative                                           0.100D-03
Optimization Specifications for the M step of the EM Algorithm for
Categorical Latent variables
  Number of M step iterations                                    1
  M step convergence criterion                           0.100D-03
  Basis for M step termination                           ITERATION
Optimization Specifications for the M step of the EM Algorithm for
Censored, Binary or Ordered Categorical (Ordinal), Unordered
Categorical (Nominal) and Count Outcomes
  Number of M step iterations                                    1
  M step convergence criterion                           0.100D-03
  Basis for M step termination                           ITERATION
  Maximum value for logit thresholds                            15
  Minimum value for logit thresholds                           -15
  Minimum expected cell size for chi-square              0.100D-01
Maximum number of iterations for H1                           2000
Convergence criterion for H1                             0.100D-03
Optimization algorithm                                         EMA
Random Starts Specifications
  Number of initial stage random starts                        500
  Number of final stage optimizations                          100
  Number of initial stage iterations                            10
  Initial stage convergence criterion                    0.100D+01
  Random starts scale                                    0.500D+01
  Random seed for generating random starts                       0
Parameterization                                             LOGIT
Link                                                         LOGIT

Input data file(s)
  /Users/agarber/github/Intro-to-LTA/LTA_models/lta.dat
Input data format  FREE


SUMMARY OF DATA

     Number of missing data patterns            45
     Number of y missing data patterns           0
     Number of u missing data patterns          45


COVARIANCE COVERAGE OF DATA

Minimum covariance coverage value   0.100


     PROPORTION OF DATA PRESENT FOR U


           Covariance Coverage
              AB39M         AB39T         AB39U         AB39W         AB39X
              ________      ________      ________      ________      ________
 AB39M          0.994
 AB39T          0.972         0.976
 AB39U          0.972         0.960         0.977
 AB39W          0.979         0.965         0.966         0.984
 AB39X          0.989         0.973         0.975         0.982         0.994
 GA33A          0.721         0.707         0.708         0.714         0.721
 GA33H          0.717         0.702         0.704         0.709         0.717
 GA33I          0.716         0.701         0.703         0.709         0.716
 GA33K          0.717         0.703         0.705         0.710         0.717
 GA33L          0.721         0.707         0.709         0.714         0.721


           Covariance Coverage
              GA33A         GA33H         GA33I         GA33K         GA33L
              ________      ________      ________      ________      ________
 GA33A          0.725
 GA33H          0.718         0.720
 GA33I          0.718         0.714         0.720
 GA33K          0.719         0.715         0.714         0.721
 GA33L          0.723         0.718         0.718         0.719         0.725


UNIVARIATE PROPORTIONS AND COUNTS FOR CATEGORICAL VARIABLES

    AB39M
      Category 1    0.387         1177.000
      Category 2    0.613         1865.000
    AB39T
      Category 1    0.596         1782.000
      Category 2    0.404         1206.000
    AB39U
      Category 1    0.508         1519.000
      Category 2    0.492         1473.000
    AB39W
      Category 1    0.596         1796.000
      Category 2    0.404         1216.000
    AB39X
      Category 1    0.539         1639.000
      Category 2    0.461         1404.000
    GA33A
      Category 1    0.424          941.000
      Category 2    0.576         1278.000
    GA33H
      Category 1    0.572         1261.000
      Category 2    0.428          944.000
    GA33I
      Category 1    0.491         1082.000
      Category 2    0.509         1121.000
    GA33K
      Category 1    0.579         1277.000
      Category 2    0.421          930.000
    GA33L
      Category 1    0.584         1297.000
      Category 2    0.416          922.000


RANDOM STARTS RESULTS RANKED FROM THE BEST TO THE WORST LOGLIKELIHOOD VALUES

Final stage loglikelihood values at local maxima, seeds, and initial stage start numbers:

          -14458.238  263268           165
          -14458.238  568405           233
          -14458.238  923437           398
          -14458.238  462953           7
          -14458.238  850840           232
          -14458.238  278692           342
          -14458.238  691234           250
          -14458.238  521575           313
          -14458.238  263221           447
          -14458.238  49221            254
          -14458.238  416463           467
          -14458.238  137305           379
          -14458.238  436460           89
          -14458.238  441191           361
          -14458.238  636396           168
          -14458.238  637095           207
          -14458.239  715561           125
          -14458.239  267983           228
          -14458.239  173191           422
          -14458.241  965994           396
          -14458.241  197223           332
          -14458.241  617243           237
          -14458.242  21132            351
          -14458.243  787985           482
          -14458.243  416250           390
          -14458.243  802682           419
          -14458.243  259507           53
          -14458.243  216565           474
          -14458.244  569833           85
          -14458.244  479273           156
          -14458.244  399380           436
          -14458.244  471438           252
          -14458.244  751153           110
          -14458.245  268896           124
          -14458.245  292884           103
          -14458.245  971693           470
          -14458.245  939021           8

63 perturbed starting value run(s) did not converge or were rejected in the third stage.



THE BEST LOGLIKELIHOOD VALUE HAS BEEN REPLICATED.  RERUN WITH AT LEAST TWICE THE
RANDOM STARTS TO CHECK THAT THE BEST LOGLIKELIHOOD IS STILL OBTAINED AND REPLICATED.

     IN THE OPTIMIZATION, ONE OR MORE LOGIT THRESHOLDS APPROACHED EXTREME VALUES
     OF -15.000 AND 15.000 AND WERE FIXED TO STABILIZE MODEL ESTIMATION.  THESE
     VALUES IMPLY PROBABILITIES OF 0 AND 1.  IN THE MODEL RESULTS SECTION, THESE
     PARAMETERS HAVE 0 STANDARD ERRORS AND 999 IN THE Z-SCORE AND P-VALUE COLUMNS.




THE MODEL ESTIMATION TERMINATED NORMALLY



MODEL FIT INFORMATION

Number of Free Parameters                       35

Loglikelihood

          H0 Value                      -14458.238
          H0 Scaling Correction Factor      1.0804
            for MLR

Information Criteria

          Akaike (AIC)                   28986.476
          Bayesian (BIC)                 29197.404
          Sample-Size Adjusted BIC       29086.195
            (n* = (n + 2) / 24)

Chi-Square Test of Model Fit for the Binary and Ordered Categorical
(Ordinal) Outcomes**

          Pearson Chi-Square

          Value                           1207.188
          Degrees of Freedom                   965
          P-Value                           0.0000

          Likelihood Ratio Chi-Square

          Value                            980.096
          Degrees of Freedom                   965
          P-Value                           0.3605

** Of the 10008 cells in the latent class indicator table, 23
   were deleted in the calculation of chi-square due to extreme values.

Chi-Square Test for MCAR under the Unrestricted Latent Class Indicator Model

          Pearson Chi-Square

          Value                           2744.430
          Degrees of Freedom                  8940
          P-Value                           1.0000

          Likelihood Ratio Chi-Square

          Value                            835.832
          Degrees of Freedom                  8940
          P-Value                           1.0000



FINAL CLASS COUNTS AND PROPORTIONS FOR EACH LATENT CLASS VARIABLE
BASED ON THE ESTIMATED MODEL

  Latent Class
    Variable    Class

    C1             1       888.43665          0.29024
                   2       908.18719          0.29670
                   3       443.55807          0.14491
                   4       820.81805          0.26815
    C2             1      1069.36035          0.34935
                   2       475.95325          0.15549
                   3       506.74429          0.16555
                   4      1008.94208          0.32961


CLASSIFICATION QUALITY

     Entropy                         0.594


LATENT CLASS INDICATOR MEANS AND PROBABILITIES FOR EACH LATENT CLASS

     MEAN/PROBABILITY PROFILES FOR C1
                       Latent class
                     1      2      3      4
     AB39M
       Category 1  0.722  0.327  0.425  0.109
       Category 2  0.278  0.673  0.575  0.891
     AB39T
       Category 1  0.977  0.693  0.604  0.071
       Category 2  0.023  0.307  0.396  0.929
     AB39U
       Category 1  0.966  0.567  0.291  0.056
       Category 2  0.034  0.433  0.709  0.944
     AB39W
       Category 1  0.943  0.570  0.829  0.098
       Category 2  0.057  0.430  0.171  0.902
     AB39X
       Category 1  0.987  0.303  1.000  0.071
       Category 2  0.013  0.697  0.000  0.929

     MEAN/PROBABILITY PROFILES FOR C2
                       Latent class
                     1      2      3      4
     GA33A
       Category 1  0.722  0.327  0.425  0.109
       Category 2  0.278  0.673  0.575  0.891
     GA33H
       Category 1  0.977  0.693  0.604  0.071
       Category 2  0.023  0.307  0.396  0.929
     GA33I
       Category 1  0.966  0.567  0.291  0.056
       Category 2  0.034  0.433  0.709  0.944
     GA33K
       Category 1  0.943  0.570  0.829  0.098
       Category 2  0.057  0.430  0.171  0.902
     GA33L
       Category 1  0.987  0.303  1.000  0.071
       Category 2  0.013  0.697  0.000  0.929


LATENT TRANSITION PROBABILITIES BASED ON THE ESTIMATED MODEL

  C1 Classes (Rows) by C2 Classes (Columns)

            1        2        3        4

   1     0.557    0.091    0.157    0.194
   2     0.266    0.264    0.151    0.319
   3     0.352    0.082    0.302    0.264
   4     0.215    0.144    0.117    0.524


TRANSITION PROBABILITY ODDS

     TRANSITION TABLE ODDS AND 95% CONFIDENCE INTERVALS FOR C1 TO C2
        1.000(1.000,1.000)   0.163(0.086,0.312)   0.282(0.118,0.675)   0.348(0.263,0.460)
        1.006(0.657,1.542)   1.000(1.000,1.000)   0.571(0.166,1.966)   1.208(0.759,1.921)
        1.168(0.689,1.982)   0.273(0.039,1.918)   1.000(1.000,1.000)   0.875(0.521,1.468)
        0.410(0.302,0.558)   0.276(0.163,0.466)   0.223(0.101,0.496)   1.000(1.000,1.000)


C-SPECIFIC CLASSIFICATION RESULTS

Classification Quality for C1

     Entropy                         0.646

Average Latent Class Probabilities for Most Likely Latent Class Membership (Row)
by Latent Class (Column)

           1        2        3        4

    1   0.830    0.087    0.082    0.000
    2   0.037    0.808    0.044    0.111
    3   0.087    0.224    0.668    0.021
    4   0.000    0.124    0.018    0.858


Classification Probabilities for the Most Likely Latent Class Membership (Column)
by Latent Class (Row)

           1        2        3        4

    1   0.922    0.031    0.046    0.000
    2   0.095    0.674    0.116    0.116
    3   0.183    0.075    0.708    0.035
    4   0.000    0.102    0.012    0.885


Logits for the Classification Probabilities for the Most Likely Latent Class Membership (Column)
by Latent Class (Row)

              1        2        3        4

    1      7.688    4.308    4.689    0.000
    2     -0.196    1.763    0.002    0.000
    3      1.665    0.775    3.020    0.000
    4     -7.484   -2.157   -4.282    0.000

Classification Quality for C2

     Entropy                         0.535

Average Latent Class Probabilities for Most Likely Latent Class Membership (Row)
by Latent Class (Column)

           1        2        3        4

    1   0.732    0.069    0.118    0.081
    2   0.060    0.806    0.034    0.101
    3   0.103    0.135    0.731    0.032
    4   0.083    0.122    0.059    0.737


Classification Probabilities for the Most Likely Latent Class Membership (Column)
by Latent Class (Row)

           1        2        3        4

    1   0.858    0.013    0.037    0.092
    2   0.181    0.408    0.109    0.303
    3   0.292    0.016    0.555    0.137
    4   0.101    0.024    0.012    0.863


Logits for the Classification Probabilities for the Most Likely Latent Class Membership (Column)
by Latent Class (Row)

              1        2        3        4

    1      2.235   -1.917   -0.907    0.000
    2     -0.516    0.299   -1.022    0.000
    3      0.760   -2.145    1.402    0.000
    4     -2.146   -3.580   -4.271    0.000


MODEL RESULTS

                                                    Two-Tailed
                    Estimate       S.E.  Est./S.E.    P-Value

Parameters for Class-specific Model Parts of C1

Latent Class C1#1

 Thresholds
    AB39M$1            0.956      0.100      9.574      0.000
    AB39T$1            3.735      1.010      3.697      0.000
    AB39U$1            3.352      0.935      3.584      0.000
    AB39W$1            2.805      0.172     16.301      0.000
    AB39X$1            4.347      0.782      5.562      0.000

Latent Class C1#2

 Thresholds
    AB39M$1           -0.724      0.102     -7.086      0.000
    AB39T$1            0.815      0.147      5.536      0.000
    AB39U$1            0.268      0.147      1.825      0.068
    AB39W$1            0.280      0.172      1.635      0.102
    AB39X$1           -0.833      0.572     -1.457      0.145

Latent Class C1#3

 Thresholds
    AB39M$1           -0.304      0.158     -1.923      0.055
    AB39T$1            0.421      0.234      1.803      0.071
    AB39U$1           -0.890      0.776     -1.146      0.252
    AB39W$1            1.580      0.288      5.485      0.000
    AB39X$1           15.000      0.000    999.000    999.000

Latent Class C1#4

 Thresholds
    AB39M$1           -2.098      0.109    -19.324      0.000
    AB39T$1           -2.572      0.274     -9.383      0.000
    AB39U$1           -2.824      0.225    -12.574      0.000
    AB39W$1           -2.215      0.150    -14.768      0.000
    AB39X$1           -2.566      0.184    -13.964      0.000

Parameters for Class-specific Model Parts of C2

Latent Class C2#1

 Thresholds
    GA33A$1            0.956      0.100      9.574      0.000
    GA33H$1            3.735      1.010      3.697      0.000
    GA33I$1            3.352      0.935      3.584      0.000
    GA33K$1            2.805      0.172     16.301      0.000
    GA33L$1            4.347      0.782      5.562      0.000

Latent Class C2#2

 Thresholds
    GA33A$1           -0.724      0.102     -7.086      0.000
    GA33H$1            0.815      0.147      5.536      0.000
    GA33I$1            0.268      0.147      1.825      0.068
    GA33K$1            0.280      0.172      1.635      0.102
    GA33L$1           -0.833      0.572     -1.457      0.145

Latent Class C2#3

 Thresholds
    GA33A$1           -0.304      0.158     -1.923      0.055
    GA33H$1            0.421      0.234      1.803      0.071
    GA33I$1           -0.890      0.776     -1.146      0.252
    GA33K$1            1.580      0.288      5.485      0.000
    GA33L$1           15.000      0.000    999.000    999.000

Latent Class C2#4

 Thresholds
    GA33A$1           -2.098      0.109    -19.324      0.000
    GA33H$1           -2.572      0.274     -9.383      0.000
    GA33I$1           -2.824      0.225    -12.574      0.000
    GA33K$1           -2.215      0.150    -14.768      0.000
    GA33L$1           -2.566      0.184    -13.964      0.000

Categorical Latent Variables

 C2#1     ON
    C1#1               1.946      0.194     10.019      0.000
    C1#2               0.708      0.234      3.023      0.003
    C1#3               1.180      0.280      4.219      0.000

 C2#2     ON
    C1#1               0.532      0.375      1.417      0.156
    C1#2               1.099      0.301      3.646      0.000
    C1#3               0.124      1.088      0.114      0.909

 C2#3     ON
    C1#1               1.289      0.329      3.917      0.000
    C1#2               0.750      0.357      2.100      0.036
    C1#3               1.632      0.535      3.049      0.002

 Means
    C1#1               0.079      0.117      0.676      0.499
    C1#2               0.101      0.153      0.660      0.509
    C1#3              -0.615      0.464     -1.327      0.185
    C2#1              -0.891      0.157     -5.674      0.000
    C2#2              -1.288      0.267     -4.815      0.000
    C2#3              -1.498      0.407     -3.685      0.000


QUALITY OF NUMERICAL RESULTS

     Condition Number for the Information Matrix              0.125E-02
       (ratio of smallest to largest eigenvalue)


RESULTS IN PROBABILITY SCALE

                                                    Two-Tailed
                    Estimate       S.E.  Est./S.E.    P-Value

Results for Class-specific Model Parts of C1

Latent Class C1#1

 AB39M
    Category 1         0.722      0.020     36.062      0.000
    Category 2         0.278      0.020     13.859      0.000
 AB39T
    Category 1         0.977      0.023     42.453      0.000
    Category 2         0.023      0.023      1.013      0.311
 AB39U
    Category 1         0.966      0.031     31.601      0.000
    Category 2         0.034      0.031      1.107      0.268
 AB39W
    Category 1         0.943      0.009    101.838      0.000
    Category 2         0.057      0.009      6.164      0.000
 AB39X
    Category 1         0.987      0.010    100.102      0.000
    Category 2         0.013      0.010      1.296      0.195

Latent Class C1#2

 AB39M
    Category 1         0.327      0.022     14.536      0.000
    Category 2         0.673      0.022     29.978      0.000
 AB39T
    Category 1         0.693      0.031     22.143      0.000
    Category 2         0.307      0.031      9.805      0.000
 AB39U
    Category 1         0.567      0.036     15.731      0.000
    Category 2         0.433      0.036     12.037      0.000
 AB39W
    Category 1         0.570      0.042     13.549      0.000
    Category 2         0.430      0.042     10.235      0.000
 AB39X
    Category 1         0.303      0.121      2.510      0.012
    Category 2         0.697      0.121      5.773      0.000

Latent Class C1#3

 AB39M
    Category 1         0.425      0.039     11.001      0.000
    Category 2         0.575      0.039     14.905      0.000
 AB39T
    Category 1         0.604      0.056     10.804      0.000
    Category 2         0.396      0.056      7.091      0.000
 AB39U
    Category 1         0.291      0.160      1.818      0.069
    Category 2         0.709      0.160      4.425      0.000
 AB39W
    Category 1         0.829      0.041     20.325      0.000
    Category 2         0.171      0.041      4.187      0.000
 AB39X
    Category 1         1.000      0.000      0.000      1.000
    Category 2         0.000      0.000      0.000      1.000

Latent Class C1#4

 AB39M
    Category 1         0.109      0.011     10.344      0.000
    Category 2         0.891      0.011     84.260      0.000
 AB39T
    Category 1         0.071      0.018      3.927      0.000
    Category 2         0.929      0.018     51.415      0.000
 AB39U
    Category 1         0.056      0.012      4.716      0.000
    Category 2         0.944      0.012     79.473      0.000
 AB39W
    Category 1         0.098      0.013      7.394      0.000
    Category 2         0.902      0.013     67.757      0.000
 AB39X
    Category 1         0.071      0.012      5.859      0.000
    Category 2         0.929      0.012     76.274      0.000

Results for Class-specific Model Parts of C2

Latent Class C2#1

 GA33A
    Category 1         0.722      0.020     36.062      0.000
    Category 2         0.278      0.020     13.859      0.000
 GA33H
    Category 1         0.977      0.023     42.453      0.000
    Category 2         0.023      0.023      1.013      0.311
 GA33I
    Category 1         0.966      0.031     31.601      0.000
    Category 2         0.034      0.031      1.107      0.268
 GA33K
    Category 1         0.943      0.009    101.838      0.000
    Category 2         0.057      0.009      6.164      0.000
 GA33L
    Category 1         0.987      0.010    100.102      0.000
    Category 2         0.013      0.010      1.296      0.195

Latent Class C2#2

 GA33A
    Category 1         0.327      0.022     14.536      0.000
    Category 2         0.673      0.022     29.978      0.000
 GA33H
    Category 1         0.693      0.031     22.143      0.000
    Category 2         0.307      0.031      9.805      0.000
 GA33I
    Category 1         0.567      0.036     15.731      0.000
    Category 2         0.433      0.036     12.037      0.000
 GA33K
    Category 1         0.570      0.042     13.549      0.000
    Category 2         0.430      0.042     10.235      0.000
 GA33L
    Category 1         0.303      0.121      2.510      0.012
    Category 2         0.697      0.121      5.773      0.000

Latent Class C2#3

 GA33A
    Category 1         0.425      0.039     11.001      0.000
    Category 2         0.575      0.039     14.905      0.000
 GA33H
    Category 1         0.604      0.056     10.804      0.000
    Category 2         0.396      0.056      7.091      0.000
 GA33I
    Category 1         0.291      0.160      1.818      0.069
    Category 2         0.709      0.160      4.425      0.000
 GA33K
    Category 1         0.829      0.041     20.325      0.000
    Category 2         0.171      0.041      4.187      0.000
 GA33L
    Category 1         1.000      0.000      0.000      1.000
    Category 2         0.000      0.000      0.000      1.000

Latent Class C2#4

 GA33A
    Category 1         0.109      0.011     10.344      0.000
    Category 2         0.891      0.011     84.260      0.000
 GA33H
    Category 1         0.071      0.018      3.927      0.000
    Category 2         0.929      0.018     51.415      0.000
 GA33I
    Category 1         0.056      0.012      4.716      0.000
    Category 2         0.944      0.012     79.473      0.000
 GA33K
    Category 1         0.098      0.013      7.394      0.000
    Category 2         0.902      0.013     67.757      0.000
 GA33L
    Category 1         0.071      0.012      5.859      0.000
    Category 2         0.929      0.012     76.274      0.000


MODEL COMMAND WITH FINAL ESTIMATES USED AS STARTING VALUES

     %OVERALL%

     c2#1 ON c1#1*1.94616;
     c2#1 ON c1#2*0.70803;
     c2#1 ON c1#3*1.18006;
     c2#2 ON c1#1*0.53150;
     c2#2 ON c1#2*1.09886;
     c2#2 ON c1#3*0.12416;
     c2#3 ON c1#1*1.28944;
     c2#3 ON c1#2*0.75000;
     c2#3 ON c1#3*1.63218;

     [ c1#1*0.07916 ];
     [ c1#2*0.10115 ];
     [ c1#3*-0.61547 ];
     [ c2#1*-0.89064 ];
     [ c2#2*-1.28771 ];
     [ c2#3*-1.49844 ];

  MODEL C1:

     %C1#1%

     [ ab39m$1*0.95629 ] (1);
     [ ab39t$1*3.73517 ] (2);
     [ ab39u$1*3.35194 ] (3);
     [ ab39w$1*2.80469 ] (4);
     [ ab39x$1*4.34679 ] (5);

     %C1#2%

     [ ab39m$1*-0.72387 ] (6);
     [ ab39t$1*0.81462 ] (7);
     [ ab39u$1*0.26765 ] (8);
     [ ab39w$1*0.28046 ] (9);
     [ ab39x$1*-0.83282 ] (10);

     %C1#3%

     [ ab39m$1*-0.30375 ] (11);
     [ ab39t$1*0.42106 ] (12);
     [ ab39u$1*-0.88967 ] (13);
     [ ab39w$1*1.57990 ] (14);
     [ ab39x$1*15 ] (15);

     %C1#4%

     [ ab39m$1*-2.09753 ] (16);
     [ ab39t$1*-2.57218 ] (17);
     [ ab39u$1*-2.82449 ] (18);
     [ ab39w$1*-2.21532 ] (19);
     [ ab39x$1*-2.56630 ] (20);

  MODEL C2:

     %C2#1%

     [ ga33a$1*0.95629 ] (1);
     [ ga33h$1*3.73517 ] (2);
     [ ga33i$1*3.35194 ] (3);
     [ ga33k$1*2.80469 ] (4);
     [ ga33l$1*4.34679 ] (5);

     %C2#2%

     [ ga33a$1*-0.72387 ] (6);
     [ ga33h$1*0.81462 ] (7);
     [ ga33i$1*0.26765 ] (8);
     [ ga33k$1*0.28046 ] (9);
     [ ga33l$1*-0.83282 ] (10);

     %C2#3%

     [ ga33a$1*-0.30375 ] (11);
     [ ga33h$1*0.42106 ] (12);
     [ ga33i$1*-0.88967 ] (13);
     [ ga33k$1*1.57990 ] (14);
     [ ga33l$1*15 ] (15);

     %C2#4%

     [ ga33a$1*-2.09753 ] (16);
     [ ga33h$1*-2.57218 ] (17);
     [ ga33i$1*-2.82449 ] (18);
     [ ga33k$1*-2.21532 ] (19);
     [ ga33l$1*-2.56630 ] (20);



TECHNICAL 1 OUTPUT


     PARAMETER SPECIFICATION FOR LATENT CLASS PATTERN 1 1


     PARAMETER SPECIFICATION FOR LATENT CLASS PATTERN 1 2


     PARAMETER SPECIFICATION FOR LATENT CLASS PATTERN 1 3


     PARAMETER SPECIFICATION FOR LATENT CLASS PATTERN 1 4


     PARAMETER SPECIFICATION FOR LATENT CLASS PATTERN 2 1


     PARAMETER SPECIFICATION FOR LATENT CLASS PATTERN 2 2


     PARAMETER SPECIFICATION FOR LATENT CLASS PATTERN 2 3


     PARAMETER SPECIFICATION FOR LATENT CLASS PATTERN 2 4


     PARAMETER SPECIFICATION FOR LATENT CLASS PATTERN 3 1


     PARAMETER SPECIFICATION FOR LATENT CLASS PATTERN 3 2


     PARAMETER SPECIFICATION FOR LATENT CLASS PATTERN 3 3


     PARAMETER SPECIFICATION FOR LATENT CLASS PATTERN 3 4


     PARAMETER SPECIFICATION FOR LATENT CLASS PATTERN 4 1


     PARAMETER SPECIFICATION FOR LATENT CLASS PATTERN 4 2


     PARAMETER SPECIFICATION FOR LATENT CLASS PATTERN 4 3


     PARAMETER SPECIFICATION FOR LATENT CLASS PATTERN 4 4


     PARAMETER SPECIFICATION FOR LATENT CLASS INDICATOR MODEL PART


           TAU(U) FOR LATENT CLASS PATTERN 1 1
              AB39M$1       AB39T$1       AB39U$1       AB39W$1       AB39X$1
              ________      ________      ________      ________      ________
                    1             2             3             4             5


           TAU(U) FOR LATENT CLASS PATTERN 1 1
              GA33A$1       GA33H$1       GA33I$1       GA33K$1       GA33L$1
              ________      ________      ________      ________      ________
                    1             2             3             4             5


           TAU(U) FOR LATENT CLASS PATTERN 1 2
              AB39M$1       AB39T$1       AB39U$1       AB39W$1       AB39X$1
              ________      ________      ________      ________      ________
                    1             2             3             4             5


           TAU(U) FOR LATENT CLASS PATTERN 1 2
              GA33A$1       GA33H$1       GA33I$1       GA33K$1       GA33L$1
              ________      ________      ________      ________      ________
                    6             7             8             9            10


           TAU(U) FOR LATENT CLASS PATTERN 1 3
              AB39M$1       AB39T$1       AB39U$1       AB39W$1       AB39X$1
              ________      ________      ________      ________      ________
                    1             2             3             4             5


           TAU(U) FOR LATENT CLASS PATTERN 1 3
              GA33A$1       GA33H$1       GA33I$1       GA33K$1       GA33L$1
              ________      ________      ________      ________      ________
                   11            12            13            14            15


           TAU(U) FOR LATENT CLASS PATTERN 1 4
              AB39M$1       AB39T$1       AB39U$1       AB39W$1       AB39X$1
              ________      ________      ________      ________      ________
                    1             2             3             4             5


           TAU(U) FOR LATENT CLASS PATTERN 1 4
              GA33A$1       GA33H$1       GA33I$1       GA33K$1       GA33L$1
              ________      ________      ________      ________      ________
                   16            17            18            19            20


           TAU(U) FOR LATENT CLASS PATTERN 2 1
              AB39M$1       AB39T$1       AB39U$1       AB39W$1       AB39X$1
              ________      ________      ________      ________      ________
                    6             7             8             9            10


           TAU(U) FOR LATENT CLASS PATTERN 2 1
              GA33A$1       GA33H$1       GA33I$1       GA33K$1       GA33L$1
              ________      ________      ________      ________      ________
                    1             2             3             4             5


           TAU(U) FOR LATENT CLASS PATTERN 2 2
              AB39M$1       AB39T$1       AB39U$1       AB39W$1       AB39X$1
              ________      ________      ________      ________      ________
                    6             7             8             9            10


           TAU(U) FOR LATENT CLASS PATTERN 2 2
              GA33A$1       GA33H$1       GA33I$1       GA33K$1       GA33L$1
              ________      ________      ________      ________      ________
                    6             7             8             9            10


           TAU(U) FOR LATENT CLASS PATTERN 2 3
              AB39M$1       AB39T$1       AB39U$1       AB39W$1       AB39X$1
              ________      ________      ________      ________      ________
                    6             7             8             9            10


           TAU(U) FOR LATENT CLASS PATTERN 2 3
              GA33A$1       GA33H$1       GA33I$1       GA33K$1       GA33L$1
              ________      ________      ________      ________      ________
                   11            12            13            14            15


           TAU(U) FOR LATENT CLASS PATTERN 2 4
              AB39M$1       AB39T$1       AB39U$1       AB39W$1       AB39X$1
              ________      ________      ________      ________      ________
                    6             7             8             9            10


           TAU(U) FOR LATENT CLASS PATTERN 2 4
              GA33A$1       GA33H$1       GA33I$1       GA33K$1       GA33L$1
              ________      ________      ________      ________      ________
                   16            17            18            19            20


           TAU(U) FOR LATENT CLASS PATTERN 3 1
              AB39M$1       AB39T$1       AB39U$1       AB39W$1       AB39X$1
              ________      ________      ________      ________      ________
                   11            12            13            14            15


           TAU(U) FOR LATENT CLASS PATTERN 3 1
              GA33A$1       GA33H$1       GA33I$1       GA33K$1       GA33L$1
              ________      ________      ________      ________      ________
                    1             2             3             4             5


           TAU(U) FOR LATENT CLASS PATTERN 3 2
              AB39M$1       AB39T$1       AB39U$1       AB39W$1       AB39X$1
              ________      ________      ________      ________      ________
                   11            12            13            14            15


           TAU(U) FOR LATENT CLASS PATTERN 3 2
              GA33A$1       GA33H$1       GA33I$1       GA33K$1       GA33L$1
              ________      ________      ________      ________      ________
                    6             7             8             9            10


           TAU(U) FOR LATENT CLASS PATTERN 3 3
              AB39M$1       AB39T$1       AB39U$1       AB39W$1       AB39X$1
              ________      ________      ________      ________      ________
                   11            12            13            14            15


           TAU(U) FOR LATENT CLASS PATTERN 3 3
              GA33A$1       GA33H$1       GA33I$1       GA33K$1       GA33L$1
              ________      ________      ________      ________      ________
                   11            12            13            14            15


           TAU(U) FOR LATENT CLASS PATTERN 3 4
              AB39M$1       AB39T$1       AB39U$1       AB39W$1       AB39X$1
              ________      ________      ________      ________      ________
                   11            12            13            14            15


           TAU(U) FOR LATENT CLASS PATTERN 3 4
              GA33A$1       GA33H$1       GA33I$1       GA33K$1       GA33L$1
              ________      ________      ________      ________      ________
                   16            17            18            19            20


           TAU(U) FOR LATENT CLASS PATTERN 4 1
              AB39M$1       AB39T$1       AB39U$1       AB39W$1       AB39X$1
              ________      ________      ________      ________      ________
                   16            17            18            19            20


           TAU(U) FOR LATENT CLASS PATTERN 4 1
              GA33A$1       GA33H$1       GA33I$1       GA33K$1       GA33L$1
              ________      ________      ________      ________      ________
                    1             2             3             4             5


           TAU(U) FOR LATENT CLASS PATTERN 4 2
              AB39M$1       AB39T$1       AB39U$1       AB39W$1       AB39X$1
              ________      ________      ________      ________      ________
                   16            17            18            19            20


           TAU(U) FOR LATENT CLASS PATTERN 4 2
              GA33A$1       GA33H$1       GA33I$1       GA33K$1       GA33L$1
              ________      ________      ________      ________      ________
                    6             7             8             9            10


           TAU(U) FOR LATENT CLASS PATTERN 4 3
              AB39M$1       AB39T$1       AB39U$1       AB39W$1       AB39X$1
              ________      ________      ________      ________      ________
                   16            17            18            19            20


           TAU(U) FOR LATENT CLASS PATTERN 4 3
              GA33A$1       GA33H$1       GA33I$1       GA33K$1       GA33L$1
              ________      ________      ________      ________      ________
                   11            12            13            14            15


           TAU(U) FOR LATENT CLASS PATTERN 4 4
              AB39M$1       AB39T$1       AB39U$1       AB39W$1       AB39X$1
              ________      ________      ________      ________      ________
                   16            17            18            19            20


           TAU(U) FOR LATENT CLASS PATTERN 4 4
              GA33A$1       GA33H$1       GA33I$1       GA33K$1       GA33L$1
              ________      ________      ________      ________      ________
                   16            17            18            19            20


     PARAMETER SPECIFICATION FOR LATENT CLASS REGRESSION MODEL PART


           ALPHA(C)
              C1#1          C1#2          C1#3          C1#4          C2#1
              ________      ________      ________      ________      ________
                   21            22            23             0            24


           ALPHA(C)
              C2#2          C2#3          C2#4
              ________      ________      ________
                   25            26             0


           BETA(C)
              C1#1          C1#2          C1#3          C1#4
              ________      ________      ________      ________
 C2#1              27            30            33             0
 C2#2              28            31            34             0
 C2#3              29            32            35             0
 C2#4               0             0             0             0


     STARTING VALUES FOR LATENT CLASS PATTERN 1 1


     STARTING VALUES FOR LATENT CLASS PATTERN 1 2


     STARTING VALUES FOR LATENT CLASS PATTERN 1 3


     STARTING VALUES FOR LATENT CLASS PATTERN 1 4


     STARTING VALUES FOR LATENT CLASS PATTERN 2 1


     STARTING VALUES FOR LATENT CLASS PATTERN 2 2


     STARTING VALUES FOR LATENT CLASS PATTERN 2 3


     STARTING VALUES FOR LATENT CLASS PATTERN 2 4


     STARTING VALUES FOR LATENT CLASS PATTERN 3 1


     STARTING VALUES FOR LATENT CLASS PATTERN 3 2


     STARTING VALUES FOR LATENT CLASS PATTERN 3 3


     STARTING VALUES FOR LATENT CLASS PATTERN 3 4


     STARTING VALUES FOR LATENT CLASS PATTERN 4 1


     STARTING VALUES FOR LATENT CLASS PATTERN 4 2


     STARTING VALUES FOR LATENT CLASS PATTERN 4 3


     STARTING VALUES FOR LATENT CLASS PATTERN 4 4


     STARTING VALUES FOR LATENT CLASS INDICATOR MODEL PART


           TAU(U) FOR LATENT CLASS PATTERN 1 1
              AB39M$1       AB39T$1       AB39U$1       AB39W$1       AB39X$1
              ________      ________      ________      ________      ________
               -1.133        -0.410        -0.752        -0.396        -0.502


           TAU(U) FOR LATENT CLASS PATTERN 1 1
              GA33A$1       GA33H$1       GA33I$1       GA33K$1       GA33L$1
              ________      ________      ________      ________      ________
               -1.133        -0.410        -0.752        -0.396        -0.502


           TAU(U) FOR LATENT CLASS PATTERN 1 2
              AB39M$1       AB39T$1       AB39U$1       AB39W$1       AB39X$1
              ________      ________      ________      ________      ________
               -1.133        -0.410        -0.752        -0.396        -0.502


           TAU(U) FOR LATENT CLASS PATTERN 1 2
              GA33A$1       GA33H$1       GA33I$1       GA33K$1       GA33L$1
              ________      ________      ________      ________      ________
               -0.383         0.340        -0.002         0.354         0.248


           TAU(U) FOR LATENT CLASS PATTERN 1 3
              AB39M$1       AB39T$1       AB39U$1       AB39W$1       AB39X$1
              ________      ________      ________      ________      ________
               -1.133        -0.410        -0.752        -0.396        -0.502


           TAU(U) FOR LATENT CLASS PATTERN 1 3
              GA33A$1       GA33H$1       GA33I$1       GA33K$1       GA33L$1
              ________      ________      ________      ________      ________
               -0.383         0.340        -0.002         0.354         0.248


           TAU(U) FOR LATENT CLASS PATTERN 1 4
              AB39M$1       AB39T$1       AB39U$1       AB39W$1       AB39X$1
              ________      ________      ________      ________      ________
               -1.133        -0.410        -0.752        -0.396        -0.502


           TAU(U) FOR LATENT CLASS PATTERN 1 4
              GA33A$1       GA33H$1       GA33I$1       GA33K$1       GA33L$1
              ________      ________      ________      ________      ________
                0.367         1.090         0.748         1.104         0.998


           TAU(U) FOR LATENT CLASS PATTERN 2 1
              AB39M$1       AB39T$1       AB39U$1       AB39W$1       AB39X$1
              ________      ________      ________      ________      ________
               -0.383         0.340        -0.002         0.354         0.248


           TAU(U) FOR LATENT CLASS PATTERN 2 1
              GA33A$1       GA33H$1       GA33I$1       GA33K$1       GA33L$1
              ________      ________      ________      ________      ________
               -1.133        -0.410        -0.752        -0.396        -0.502


           TAU(U) FOR LATENT CLASS PATTERN 2 2
              AB39M$1       AB39T$1       AB39U$1       AB39W$1       AB39X$1
              ________      ________      ________      ________      ________
               -0.383         0.340        -0.002         0.354         0.248


           TAU(U) FOR LATENT CLASS PATTERN 2 2
              GA33A$1       GA33H$1       GA33I$1       GA33K$1       GA33L$1
              ________      ________      ________      ________      ________
               -0.383         0.340        -0.002         0.354         0.248


           TAU(U) FOR LATENT CLASS PATTERN 2 3
              AB39M$1       AB39T$1       AB39U$1       AB39W$1       AB39X$1
              ________      ________      ________      ________      ________
               -0.383         0.340        -0.002         0.354         0.248


           TAU(U) FOR LATENT CLASS PATTERN 2 3
              GA33A$1       GA33H$1       GA33I$1       GA33K$1       GA33L$1
              ________      ________      ________      ________      ________
               -0.383         0.340        -0.002         0.354         0.248


           TAU(U) FOR LATENT CLASS PATTERN 2 4
              AB39M$1       AB39T$1       AB39U$1       AB39W$1       AB39X$1
              ________      ________      ________      ________      ________
               -0.383         0.340        -0.002         0.354         0.248


           TAU(U) FOR LATENT CLASS PATTERN 2 4
              GA33A$1       GA33H$1       GA33I$1       GA33K$1       GA33L$1
              ________      ________      ________      ________      ________
                0.367         1.090         0.748         1.104         0.998


           TAU(U) FOR LATENT CLASS PATTERN 3 1
              AB39M$1       AB39T$1       AB39U$1       AB39W$1       AB39X$1
              ________      ________      ________      ________      ________
               -0.383         0.340        -0.002         0.354         0.248


           TAU(U) FOR LATENT CLASS PATTERN 3 1
              GA33A$1       GA33H$1       GA33I$1       GA33K$1       GA33L$1
              ________      ________      ________      ________      ________
               -1.133        -0.410        -0.752        -0.396        -0.502


           TAU(U) FOR LATENT CLASS PATTERN 3 2
              AB39M$1       AB39T$1       AB39U$1       AB39W$1       AB39X$1
              ________      ________      ________      ________      ________
               -0.383         0.340        -0.002         0.354         0.248


           TAU(U) FOR LATENT CLASS PATTERN 3 2
              GA33A$1       GA33H$1       GA33I$1       GA33K$1       GA33L$1
              ________      ________      ________      ________      ________
               -0.383         0.340        -0.002         0.354         0.248


           TAU(U) FOR LATENT CLASS PATTERN 3 3
              AB39M$1       AB39T$1       AB39U$1       AB39W$1       AB39X$1
              ________      ________      ________      ________      ________
               -0.383         0.340        -0.002         0.354         0.248


           TAU(U) FOR LATENT CLASS PATTERN 3 3
              GA33A$1       GA33H$1       GA33I$1       GA33K$1       GA33L$1
              ________      ________      ________      ________      ________
               -0.383         0.340        -0.002         0.354         0.248


           TAU(U) FOR LATENT CLASS PATTERN 3 4
              AB39M$1       AB39T$1       AB39U$1       AB39W$1       AB39X$1
              ________      ________      ________      ________      ________
               -0.383         0.340        -0.002         0.354         0.248


           TAU(U) FOR LATENT CLASS PATTERN 3 4
              GA33A$1       GA33H$1       GA33I$1       GA33K$1       GA33L$1
              ________      ________      ________      ________      ________
                0.367         1.090         0.748         1.104         0.998


           TAU(U) FOR LATENT CLASS PATTERN 4 1
              AB39M$1       AB39T$1       AB39U$1       AB39W$1       AB39X$1
              ________      ________      ________      ________      ________
                0.367         1.090         0.748         1.104         0.998


           TAU(U) FOR LATENT CLASS PATTERN 4 1
              GA33A$1       GA33H$1       GA33I$1       GA33K$1       GA33L$1
              ________      ________      ________      ________      ________
               -1.133        -0.410        -0.752        -0.396        -0.502


           TAU(U) FOR LATENT CLASS PATTERN 4 2
              AB39M$1       AB39T$1       AB39U$1       AB39W$1       AB39X$1
              ________      ________      ________      ________      ________
                0.367         1.090         0.748         1.104         0.998


           TAU(U) FOR LATENT CLASS PATTERN 4 2
              GA33A$1       GA33H$1       GA33I$1       GA33K$1       GA33L$1
              ________      ________      ________      ________      ________
               -0.383         0.340        -0.002         0.354         0.248


           TAU(U) FOR LATENT CLASS PATTERN 4 3
              AB39M$1       AB39T$1       AB39U$1       AB39W$1       AB39X$1
              ________      ________      ________      ________      ________
                0.367         1.090         0.748         1.104         0.998


           TAU(U) FOR LATENT CLASS PATTERN 4 3
              GA33A$1       GA33H$1       GA33I$1       GA33K$1       GA33L$1
              ________      ________      ________      ________      ________
               -0.383         0.340        -0.002         0.354         0.248


           TAU(U) FOR LATENT CLASS PATTERN 4 4
              AB39M$1       AB39T$1       AB39U$1       AB39W$1       AB39X$1
              ________      ________      ________      ________      ________
                0.367         1.090         0.748         1.104         0.998


           TAU(U) FOR LATENT CLASS PATTERN 4 4
              GA33A$1       GA33H$1       GA33I$1       GA33K$1       GA33L$1
              ________      ________      ________      ________      ________
                0.367         1.090         0.748         1.104         0.998


     STARTING VALUES FOR LATENT CLASS REGRESSION MODEL PART


           ALPHA(C)
              C1#1          C1#2          C1#3          C1#4          C2#1
              ________      ________      ________      ________      ________
                0.000         0.000         0.000         0.000         0.000


           ALPHA(C)
              C2#2          C2#3          C2#4
              ________      ________      ________
                0.000         0.000         0.000


           BETA(C)
              C1#1          C1#2          C1#3          C1#4
              ________      ________      ________      ________
 C2#1           0.000         0.000         0.000         0.000
 C2#2           0.000         0.000         0.000         0.000
 C2#3           0.000         0.000         0.000         0.000
 C2#4           0.000         0.000         0.000         0.000


TECHNICAL 15 OUTPUT


     ESTIMATED CONDITIONAL PROBABILITIES FOR THE LATENT CLASS VARIABLES

     P(C1=1)=0.290
     P(C1=2)=0.297
     P(C1=3)=0.145
     P(C1=4)=0.268


     P(C2=1|C1=1)=0.557
     P(C2=2|C1=1)=0.091
     P(C2=3|C1=1)=0.157
     P(C2=4|C1=1)=0.194


     P(C2=1|C1=2)=0.266
     P(C2=2|C1=2)=0.264
     P(C2=3|C1=2)=0.151
     P(C2=4|C1=2)=0.319


     P(C2=1|C1=3)=0.352
     P(C2=2|C1=3)=0.082
     P(C2=3|C1=3)=0.302
     P(C2=4|C1=3)=0.264


     P(C2=1|C1=4)=0.215
     P(C2=2|C1=4)=0.144
     P(C2=3|C1=4)=0.117
     P(C2=4|C1=4)=0.524


     ESTIMATED MARGINAL PROBABILITIES FOR THE LATENT CLASS VARIABLES

     P(C2=1)=0.349
     P(C2=2)=0.155
     P(C2=3)=0.166
     P(C2=4)=0.330



FINAL CLASS COUNTS AND PROPORTIONS FOR THE LATENT CLASSES
BASED ON THE ESTIMATED MODEL

  Latent Class
    Pattern

    1  1        495.29300          0.16181
    1  2         80.91665          0.02643
    1  3        139.85871          0.04569
    1  4        172.36826          0.05631
    2  1        241.41055          0.07887
    2  2        239.90708          0.07838
    2  3        137.09390          0.04479
    2  4        289.77570          0.09467
    3  1        156.27037          0.05105
    3  2         36.54762          0.01194
    3  3        133.74095          0.04369
    3  4        116.99915          0.03822
    4  1        176.38644          0.05762
    4  2        118.58190          0.03874
    4  3         96.05074          0.03138
    4  4        429.79898          0.14041


FINAL CLASS COUNTS AND PROPORTIONS FOR THE LATENT CLASSES
BASED ON ESTIMATED POSTERIOR PROBABILITIES

  Latent Class
    Pattern

    1  1        495.29413          0.16181
    1  2         80.91538          0.02643
    1  3        139.86096          0.04569
    1  4        172.37002          0.05631
    2  1        241.41062          0.07887
    2  2        239.90595          0.07838
    2  3        137.09562          0.04479
    2  4        289.77310          0.09467
    3  1        156.27062          0.05105
    3  2         36.54607          0.01194
    3  3        133.73765          0.04369
    3  4        117.00055          0.03822
    4  1        176.38637          0.05762
    4  2        118.57912          0.03874
    4  3         96.05312          0.03138
    4  4        429.80072          0.14041


FINAL CLASS COUNTS AND PROPORTIONS FOR EACH LATENT CLASS VARIABLE
BASED ON ESTIMATED POSTERIOR PROBABILITIES

  Latent Class
    Variable    Class

    C1             1       888.44048          0.29025
                   2       908.18528          0.29670
                   3       443.55490          0.14491
                   4       820.81934          0.26815
    C2             1      1069.36174          0.34935
                   2       475.94652          0.15549
                   3       506.74735          0.16555
                   4      1008.94438          0.32961


FINAL CLASS COUNTS AND PROPORTIONS FOR THE LATENT CLASSES
BASED ON THEIR MOST LIKELY LATENT CLASS PATTERN

Class Counts and Proportions

  Latent Class
    Pattern

    1  1              648          0.21170
    1  2               49          0.01601
    1  3              126          0.04116
    1  4              164          0.05358
    2  1              197          0.06436
    2  2              109          0.03561
    2  3               93          0.03038
    2  4              358          0.11696
    3  1              267          0.08723
    3  2               16          0.00523
    3  3               88          0.02875
    3  4               99          0.03234
    4  1              141          0.04606
    4  2               67          0.02189
    4  3               78          0.02548
    4  4              561          0.18327


FINAL CLASS COUNTS AND PROPORTIONS FOR EACH LATENT CLASS VARIABLE
BASED ON THEIR MOST LIKELY LATENT CLASS PATTERN

  Latent Class
    Variable    Class

    C1             1             987          0.32244
                   2             757          0.24730
                   3             470          0.15354
                   4             847          0.27671
    C2             1            1253          0.40934
                   2             241          0.07873
                   3             385          0.12578
                   4            1182          0.38615


LATENT CLASS INDICATOR ODDS RATIOS FOR THE LATENT CLASSES

                                                95% C.I.
                    Estimate       S.E.  Lower 2.5% Upper 2.5%

Results for Class-specific Model Parts of C1

Latent Class C1#1 Compared to Latent Class C1#2

 AB39M
    Category > 1       0.186      0.028      0.139      0.250
 AB39T
    Category > 1       0.054      0.055      0.007      0.394
 AB39U
    Category > 1       0.046      0.045      0.007      0.308
 AB39W
    Category > 1       0.080      0.017      0.053      0.121
 AB39X
    Category > 1       0.006      0.004      0.001      0.023

Latent Class C1#1 Compared to Latent Class C1#3

 AB39M
    Category > 1       0.284      0.049      0.202      0.398
 AB39T
    Category > 1       0.036      0.034      0.006      0.223
 AB39U
    Category > 1       0.014      0.015      0.002      0.105
 AB39W
    Category > 1       0.294      0.095      0.156      0.553
 AB39X
    Category > 1   42328.277      0.000  42328.281  42328.281

Latent Class C1#1 Compared to Latent Class C1#4

 AB39M
    Category > 1       0.047      0.007      0.036      0.062
 AB39T
    Category > 1       0.002      0.002      0.000      0.017
 AB39U
    Category > 1       0.002      0.002      0.000      0.014
 AB39W
    Category > 1       0.007      0.001      0.004      0.010
 AB39X
    Category > 1       0.001      0.001      0.000      0.005

Latent Class C1#2 Compared to Latent Class C1#3

 AB39M
    Category > 1       1.522      0.302      1.031      2.247
 AB39T
    Category > 1       0.675      0.201      0.376      1.209
 AB39U
    Category > 1       0.314      0.269      0.059      1.686
 AB39W
    Category > 1       3.667      1.123      2.012      6.685
 AB39X
    Category > 1   *********      0.000  *********  *********

Latent Class C1#2 Compared to Latent Class C1#4

 AB39M
    Category > 1       0.253      0.038      0.189      0.339
 AB39T
    Category > 1       0.034      0.009      0.020      0.057
 AB39U
    Category > 1       0.045      0.010      0.029      0.071
 AB39W
    Category > 1       0.082      0.017      0.055      0.124
 AB39X
    Category > 1       0.177      0.110      0.052      0.598

Latent Class C1#3 Compared to Latent Class C1#4

 AB39M
    Category > 1       0.166      0.031      0.116      0.239
 AB39T
    Category > 1       0.050      0.020      0.023      0.111
 AB39U
    Category > 1       0.144      0.122      0.028      0.753
 AB39W
    Category > 1       0.022      0.007      0.012      0.043
 AB39X
    Category > 1       0.000      0.000      0.000      0.000

Results for Class-specific Model Parts of C2

Latent Class C2#1 Compared to Latent Class C2#2

 GA33A
    Category > 1       0.186      0.028      0.139      0.250
 GA33H
    Category > 1       0.054      0.055      0.007      0.394
 GA33I
    Category > 1       0.046      0.045      0.007      0.308
 GA33K
    Category > 1       0.080      0.017      0.053      0.121
 GA33L
    Category > 1       0.006      0.004      0.001      0.023

Latent Class C2#1 Compared to Latent Class C2#3

 GA33A
    Category > 1       0.284      0.049      0.202      0.398
 GA33H
    Category > 1       0.036      0.034      0.006      0.223
 GA33I
    Category > 1       0.014      0.015      0.002      0.105
 GA33K
    Category > 1       0.294      0.095      0.156      0.553
 GA33L
    Category > 1   42328.277      0.000  42328.281  42328.281

Latent Class C2#1 Compared to Latent Class C2#4

 GA33A
    Category > 1       0.047      0.007      0.036      0.062
 GA33H
    Category > 1       0.002      0.002      0.000      0.017
 GA33I
    Category > 1       0.002      0.002      0.000      0.014
 GA33K
    Category > 1       0.007      0.001      0.004      0.010
 GA33L
    Category > 1       0.001      0.001      0.000      0.005

Latent Class C2#2 Compared to Latent Class C2#3

 GA33A
    Category > 1       1.522      0.302      1.031      2.247
 GA33H
    Category > 1       0.675      0.201      0.376      1.209
 GA33I
    Category > 1       0.314      0.269      0.059      1.686
 GA33K
    Category > 1       3.667      1.123      2.012      6.685
 GA33L
    Category > 1   *********      0.000  *********  *********

Latent Class C2#2 Compared to Latent Class C2#4

 GA33A
    Category > 1       0.253      0.038      0.189      0.339
 GA33H
    Category > 1       0.034      0.009      0.020      0.057
 GA33I
    Category > 1       0.045      0.010      0.029      0.071
 GA33K
    Category > 1       0.082      0.017      0.055      0.124
 GA33L
    Category > 1       0.177      0.110      0.052      0.598

Latent Class C2#3 Compared to Latent Class C2#4

 GA33A
    Category > 1       0.166      0.031      0.116      0.239
 GA33H
    Category > 1       0.050      0.020      0.023      0.111
 GA33I
    Category > 1       0.144      0.122      0.028      0.753
 GA33K
    Category > 1       0.022      0.007      0.012      0.043
 GA33L
    Category > 1       0.000      0.000      0.000      0.000


SAVEDATA INFORMATION


  Save file
    lta-inv-cprobs.dat

  Order and format of variables

    AB39M          F10.3
    AB39T          F10.3
    AB39U          F10.3
    AB39W          F10.3
    AB39X          F10.3
    GA33A          F10.3
    GA33H          F10.3
    GA33I          F10.3
    GA33K          F10.3
    GA33L          F10.3
    CPROB1         F10.3
    CPROB2         F10.3
    CPROB3         F10.3
    CPROB4         F10.3
    CPROB5         F10.3
    CPROB6         F10.3
    CPROB7         F10.3
    CPROB8         F10.3
    CPROB9         F10.3
    CPROB10        F10.3
    CPROB11        F10.3
    CPROB12        F10.3
    CPROB13        F10.3
    CPROB14        F10.3
    CPROB15        F10.3
    CPROB16        F10.3
    C1             F10.3
    C2             F10.3
    MLCJOINT       F10.3

  Save file format
    29F10.3

  Save file record length    10000

  Save missing symbol        9999


     Beginning Time:  09:20:09
        Ending Time:  09:20:18
       Elapsed Time:  00:00:09



MUTHEN & MUTHEN
3463 Stoner Ave.
Los Angeles, CA  90066

Tel: (310) 391-9971
Fax: (310) 391-8971
Web: www.StatModel.com
Support: Support@StatModel.com

Copyright (c) 1998-2021 Muthen & Muthen
